time="2024-10-09T23:51:17+05:30" level=info msg="RequestLog::" duration=4.7528ms errors= formData="map[]" ip="::1" method=POST queryParams="map[]" status=404 url=/
time="2024-10-09T23:52:08+05:30" level=info msg="RequestLog::" duration=8.5476ms errors= formData="map[]" ip="::1" method=POST queryParams="map[]" status=422 url=/insert-data
time="2024-10-09T23:54:15+05:30" level=info msg="RequestLog::" duration=2.1776ms errors= formData="map[]" ip="::1" method=POST queryParams="map[]" status=422 url=/insert-data
time="2024-10-09T23:54:21+05:30" level=info msg="RequestLog::" duration=1.2157ms errors= formData="map[]" ip="::1" method=POST queryParams="map[]" status=422 url=/insert-data
time="2024-10-09T23:56:30+05:30" level=info msg="RequestLog::" duration=1.1058ms errors= formData="map[]" ip="::1" method=POST queryParams="map[]" status=422 url=/insert-data
time="2024-10-09T23:56:46+05:30" level=info msg="RequestLog::" duration=1.013ms errors= formData="map[]" ip="::1" method=POST queryParams="map[]" status=422 url=/insert-data
time="2024-10-10T00:01:16+05:30" level=info msg="RequestLog::" duration=10.3909ms errors= formData="map[]" ip="::1" method=POST queryParams="map[]" status=404 url=/insert-data
time="2024-10-10T00:03:30+05:30" level=info msg="RequestLog::" duration=12.0436ms errors= formData="map[]" ip="::1" method=POST queryParams="map[]" status=201 url=/insert-data
time="2024-10-10T00:05:39+05:30" level=info msg="RequestLog::" duration="896.9µs" errors= formData="map[]" ip="::1" method=POST queryParams="map[]" status=422 url=/insert-data
time="2024-10-10T00:05:53+05:30" level=info msg="RequestLog::" duration=4.5576ms errors= formData="map[]" ip="::1" method=POST queryParams="map[]" status=201 url=/insert-data
time="2024-10-10T00:13:07+05:30" level=info msg="RequestLog::" duration=35.1039ms errors= formData="map[]" ip="::1" method=GET queryParams="map[]" status=404 url=/listing-student
time="2024-10-10T00:13:48+05:30" level=info msg="RequestLog::" duration=11.184ms errors= formData="map[]" ip="::1" method=GET queryParams="map[]" status=404 url=/listing-student
time="2024-10-10T00:16:11+05:30" level=info msg="RequestLog::" duration=3.5499ms errors= formData="map[]" ip="::1" method=GET queryParams="map[]" status=404 url=/listing-student
time="2024-10-10T00:17:10+05:30" level=info msg="RequestLog::" duration=10.0397ms errors= formData="map[]" ip="::1" method=GET queryParams="map[]" status=404 url=/listing-student
time="2024-10-10T00:17:29+05:30" level=info msg="RequestLog::" duration=6.1909ms errors= formData="map[]" ip="::1" method=GET queryParams="map[]" status=200 url=/listing-student
time="2024-10-10T00:18:37+05:30" level=info msg="RequestLog::" duration=2.7239ms errors= formData="map[]" ip="::1" method=GET queryParams="map[]" status=200 url=/listing-student
time="2024-10-10T00:20:21+05:30" level=info msg="RequestLog::" duration=8.1414ms errors= formData="map[]" ip="::1" method=POST queryParams="map[]" status=201 url=/insert-data
time="2024-10-10T00:21:14+05:30" level=info msg="RequestLog::" duration=6.9494ms errors= formData="map[]" ip="::1" method=POST queryParams="map[]" status=201 url=/insert-data
time="2024-10-10T00:22:15+05:30" level=info msg="RequestLog::" duration=4.0501ms errors= formData="map[]" ip="::1" method=POST queryParams="map[]" status=201 url=/insert-data
time="2024-10-10T00:22:29+05:30" level=info msg="RequestLog::" duration=4.6006ms errors= formData="map[]" ip="::1" method=POST queryParams="map[]" status=201 url=/insert-data
time="2024-10-10T00:23:39+05:30" level=info msg="RequestLog::" duration=4.0237ms errors= formData="map[]" ip="::1" method=POST queryParams="map[]" status=201 url=/insert-data
time="2024-10-10T00:24:01+05:30" level=info msg="RequestLog::" duration=2.9436ms errors= formData="map[]" ip="::1" method=POST queryParams="map[]" status=422 url=/insert-data
time="2024-10-10T00:24:07+05:30" level=info msg="RequestLog::" duration=4.0853ms errors= formData="map[]" ip="::1" method=POST queryParams="map[]" status=201 url=/insert-data
time="2024-10-10T00:28:36+05:30" level=info msg="RequestLog::" duration=7.5443ms errors= formData="map[]" ip="::1" method=POST queryParams="map[]" status=201 url=/insert-data
time="2024-10-10T00:38:07+05:30" level=info msg="RequestLog::" duration=11.046ms errors= formData="map[]" ip="::1" method=GET queryParams="map[]" status=200 url=/listing-student
time="2024-10-10T00:38:58+05:30" level=info msg="RequestLog::" duration=2.4939ms errors= formData="map[]" ip="::1" method=GET queryParams="map[]" status=404 url=/listing-student4
time="2024-10-10T00:39:05+05:30" level=info msg="RequestLog::" duration=4.4987ms errors= formData="map[]" ip="::1" method=GET queryParams="map[]" status=404 url=/listing-studen
time="2024-10-10T00:39:11+05:30" level=info msg="RequestLog::" duration=3.2578ms errors= formData="map[]" ip="::1" method=GET queryParams="map[]" status=200 url=/listing-student
time="2024-10-10T11:29:38+05:30" level=info msg="RequestLog::" duration=1.0534ms errors= formData="map[]" ip="::1" method=GET queryParams="map[]" status=404 url=/listing-student
time="2024-10-10T11:30:11+05:30" level=info msg="RequestLog::" duration=132.9755ms errors= formData="map[]" ip="::1" method=GET queryParams="map[]" status=200 url=/college/listing-student
time="2024-10-10T11:33:02+05:30" level=info msg="RequestLog::" duration=1.0558ms errors= formData="map[]" ip="::1" method=GET queryParams="map[]" status=404 url=/college/access-data/
time="2024-10-10T11:33:06+05:30" level=info msg="RequestLog::" duration=15.7618ms errors= formData="map[]" ip="::1" method=GET queryParams="map[]" status=200 url=/college/access-data/1
time="2024-10-10T11:33:15+05:30" level=info msg="RequestLog::" duration=9.3886ms errors= formData="map[]" ip="::1" method=GET queryParams="map[]" status=404 url=/college/access-data/100
time="2024-10-10T11:35:12+05:30" level=info msg="RequestLog::" duration=2.0535ms errors= formData="map[]" ip="::1" method=GET queryParams="map[]" status=404 url=/college/access-data/100
time="2024-10-10T11:35:23+05:30" level=info msg="RequestLog::" duration=3.4174ms errors= formData="map[]" ip="::1" method=GET queryParams="map[]" status=404 url=/college/access-data/10
time="2024-10-10T11:35:28+05:30" level=info msg="RequestLog::" duration=3.3925ms errors= formData="map[]" ip="::1" method=GET queryParams="map[]" status=200 url=/college/access-data/1
time="2024-10-10T11:35:41+05:30" level=info msg="RequestLog::" duration=2.2446ms errors= formData="map[]" ip="::1" method=GET queryParams="map[]" status=200 url=/college/access-data/9
time="2024-10-10T11:37:21+05:30" level=info msg="RequestLog::" duration=1.3527ms errors= formData="map[]" ip="::1" method=POST queryParams="map[]" status=404 url=/college/delete/
time="2024-10-10T11:37:26+05:30" level=info msg="RequestLog::" duration=4.5192ms errors= formData="map[]" ip="::1" method=POST queryParams="map[]" status=404 url=/college/delete/w
time="2024-10-10T11:37:33+05:30" level=info msg="RequestLog::" duration=5.508ms errors= formData="map[]" ip="::1" method=POST queryParams="map[]" status=200 url=/college/delete/9
time="2024-10-10T11:40:21+05:30" level=info msg="RequestLog::" duration=5.0254ms errors= formData="map[]" ip="::1" method=POST queryParams="map[]" status=404 url=/college/delete/900
time="2024-10-10T11:40:24+05:30" level=info msg="RequestLog::" duration=6.4424ms errors= formData="map[]" ip="::1" method=POST queryParams="map[]" status=200 url=/college/delete/9
time="2024-10-10T11:41:28+05:30" level=info msg="RequestLog::" duration=3.1031ms errors= formData="map[]" ip="::1" method=POST queryParams="map[]" status=200 url=/college/delete/9
time="2024-10-10T11:41:34+05:30" level=info msg="RequestLog::" duration=3.6321ms errors= formData="map[]" ip="::1" method=POST queryParams="map[]" status=200 url=/college/delete/1
time="2024-10-10T11:45:13+05:30" level=info msg="RequestLog::" duration=3.1294ms errors= formData="map[]" ip="::1" method=POST queryParams="map[]" status=404 url=/college/delete/111
time="2024-10-10T11:45:38+05:30" level=info msg="RequestLog::" duration=17.0254ms errors= formData="map[]" ip="::1" method=POST queryParams="map[]" status=200 url=/college/delete/9
time="2024-10-10T11:50:33+05:30" level=info msg="RequestLog::" duration=5.7253ms errors= formData="map[]" ip="::1" method=POST queryParams="map[]" status=200 url=/college/delete/9
time="2024-10-10T11:50:54+05:30" level=info msg="RequestLog::" duration=12.1011ms errors= formData="map[]" ip="::1" method=POST queryParams="map[]" status=404 url=/college/delete/900
time="2024-10-10T11:51:29+05:30" level=info msg="RequestLog::" duration=3.155ms errors= formData="map[]" ip="::1" method=POST queryParams="map[]" status=200 url=/college/delete/1
time="2024-10-10T11:59:57+05:30" level=info msg="RequestLog::" duration="564µs" errors= formData="map[]" ip="::1" method=POST queryParams="map[]" status=404 url=/college/update/
time="2024-10-10T12:00:07+05:30" level=info msg="RequestLog::" duration=7.3835ms errors= formData="map[]" ip="::1" method=POST queryParams="map[]" status=200 url=/college/update/2
time="2024-10-10T12:07:36+05:30" level=info msg="RequestLog::" duration=5.9563ms errors= formData="map[]" ip="::1" method=POST queryParams="map[]" status=400 url=/college/update/2
time="2024-10-10T12:09:11+05:30" level=info msg="RequestLog::" duration=3.7013ms errors= formData="map[]" ip="::1" method=POST queryParams="map[]" status=200 url=/college/update/2
time="2024-10-10T12:13:38+05:30" level=info msg="RequestLog::" duration=5.8799ms errors= formData="map[]" ip="::1" method=POST queryParams="map[]" status=200 url=/college/update/2
time="2024-10-10T12:14:47+05:30" level=info msg="RequestLog::" duration=2.4621ms errors= formData="map[first_name:pramod last_name:gharge middle_name:uttamrav]" ip="::1" method=POST queryParams="map[]" status=404 url=/college/update/200
time="2024-10-10T12:15:29+05:30" level=info msg="RequestLog::" duration=2.6026ms errors= formData="map[]" ip="::1" method=GET queryParams="map[]" status=200 url=/college/listing-student
time="2024-10-10T12:16:10+05:30" level=info msg="RequestLog::" duration=2.2214ms errors= formData="map[]" ip="::1" method=GET queryParams="map[]" status=200 url=/college/listing-student
time="2024-10-10T12:18:14+05:30" level=info msg="RequestLog::" duration=2.1543ms errors= formData="map[]" ip="::1" method=GET queryParams="map[]" status=200 url=/college/listing-student
time="2024-10-10T16:18:26+05:30" level=info msg="RequestLog::" duration=2.4875ms errors="Error #01: Key: 'input.Name' Error:Field validation for 'Name' failed on the 'required' tag\nKey: 'input.Mobile' Error:Field validation for 'Mobile' failed on the 'required' tag\nKey: 'input.Email' Error:Field validation for 'Email' failed on the 'required' tag\nKey: 'input.Qualification' Error:Field validation for 'Qualification' failed on the 'required' tag\nKey: 'input.Designation' Error:Field validation for 'Designation' failed on the 'required' tag\nKey: 'input.Password' Error:Field validation for 'Password' failed on the 'required' tag\n" formData="map[]" ip="::1" method=POST queryParams="map[]" status=400 url=/registration
time="2024-10-10T16:18:38+05:30" level=info msg="RequestLog::" duration=2.187ms errors="Error #01: Key: 'input.Name' Error:Field validation for 'Name' failed on the 'required' tag\nKey: 'input.Mobile' Error:Field validation for 'Mobile' failed on the 'required' tag\nKey: 'input.Email' Error:Field validation for 'Email' failed on the 'required' tag\nKey: 'input.Qualification' Error:Field validation for 'Qualification' failed on the 'required' tag\nKey: 'input.Designation' Error:Field validation for 'Designation' failed on the 'required' tag\nKey: 'input.Password' Error:Field validation for 'Password' failed on the 'required' tag\n" formData="map[]" ip="::1" method=POST queryParams="map[]" status=400 url=/registration
time="2024-10-10T16:25:42+05:30" level=info msg="RequestLog::" duration=136.4546ms errors= formData="map[designation:[devloper] email:[sharvil@gmail.com] image:[map[filename:person.jpg size:34869]] mobile:[9763405677] name:[sharvil gharge] password:[sharvil@123] qualification:[mtech]]" ip="::1" method=POST queryParams="map[]" status=200 url=/registration
time="2024-10-10T16:28:45+05:30" level=info msg="RequestLog::" duration=50.4547059s errors= formData="map[designation:[devloper] email:[sharvil@gmail.com] image:[map[filename:person.jpg size:34869]] mobile:[9763405677] name:[sharvil gharge] password:[sharvil@123] qualification:[mtech]]" ip="::1" method=POST queryParams="map[]" status=400 url=/registration
time="2024-10-10T16:30:40+05:30" level=info msg="RequestLog::" duration=101.2639ms errors= formData="map[designation:[devloper] email:[sharvil@gmail.com] image:[map[filename:person.jpg size:34869]] mobile:[9763405677] name:[sharvil gharge] password:[sharvil@123] qualification:[mtech]]" ip="::1" method=POST queryParams="map[]" status=200 url=/registration
time="2024-10-10T16:33:26+05:30" level=info msg="RequestLog::" duration=51.6296914s errors= formData="map[designation:[devloper] email:[sharvil@gmail.com] image:[map[filename:person.jpg size:34869]] mobile:[9763405677] name:[sharvil gharge] password:[sharvil@123] qualification:[mtech]]" ip="::1" method=POST queryParams="map[]" status=400 url=/registration
time="2024-10-10T16:38:44+05:30" level=info msg="RequestLog::" duration=85.0466ms errors= formData="map[designation:[devloper] email:[sharvil@gmail.com] image:[map[filename:person.jpg size:34869]] mobile:[9763405677] name:[sharvil gharge] password:[sharvil@123] qualification:[mtech]]" ip="::1" method=POST queryParams="map[]" status=500 url=/registration
time="2024-10-10T16:39:46+05:30" level=info msg="RequestLog::" duration=62.9718ms errors= formData="map[designation:[devloper] email:[sharvil@gmail.com] image:[map[filename:person.jpg size:34869]] mobile:[9763405677] name:[sharvil gharge] password:[sharvil@123] qualification:[mtech]]" ip="::1" method=POST queryParams="map[]" status=200 url=/registration
time="2024-10-10T16:41:57+05:30" level=info msg="RequestLog::" duration=63.9289ms errors= formData="map[designation:[devloper] email:[sharvil@gmail.com] image:[map[filename:person.jpg size:34869]] mobile:[9763405677] name:[sharvil gharge] password:[sharvil@123] qualification:[mtech]]" ip="::1" method=POST queryParams="map[]" status=400 url=/registration
time="2024-10-10T16:43:21+05:30" level=info msg="RequestLog::" duration=50.3286095s errors= formData="map[designation:[devloper] email:[akash@gmail.com] image:[map[filename:person.jpg size:34869]] mobile:[9763405676] name:[akashgharge] password:[akash@123] qualification:[mca]]" ip="::1" method=POST queryParams="map[]" status=400 url=/registration
time="2024-10-10T16:43:54+05:30" level=info msg="RequestLog::" duration=62.8668ms errors= formData="map[designation:[devloper] email:[akash@gmail.com] image:[map[filename:person.jpg size:34869]] mobile:[9763405676] name:[akashgharge] password:[akash@123] qualification:[mca]]" ip="::1" method=POST queryParams="map[]" status=200 url=/registration
time="2024-10-10T16:46:25+05:30" level=info msg="RequestLog::" duration=83.0745ms errors= formData="map[designation:[devloper] email:[omkar@gmail.com] image:[map[filename:rr.jpg size:6666]] mobile:[9763405676] name:[omkar pawar] password:[omkar@123] qualification:[mca]]" ip="::1" method=POST queryParams="map[]" status=400 url=/registration
time="2024-10-10T16:46:40+05:30" level=info msg="RequestLog::" duration=71.403ms errors= formData="map[designation:[devloper] email:[omkar@gmail.com] image:[map[filename:rr.jpg size:6666]] mobile:[9763405688] name:[omkar pawar] password:[omkar@123] qualification:[mca]]" ip="::1" method=POST queryParams="map[]" status=200 url=/registration
time="2024-10-10T23:27:15+05:30" level=info msg="RequestLog::" duration=2.2384ms errors= formData="map[]" ip="::1" method=POST queryParams="map[]" status=401 url=/employe/login
time="2024-10-10T23:29:07+05:30" level=info msg="RequestLog::" duration="921.1µs" errors= formData="map[]" ip="::1" method=POST queryParams="map[]" status=401 url=/employe/login
time="2024-10-10T23:30:07+05:30" level=info msg="RequestLog::" duration=1.1125ms errors= formData="map[email:akash@gmail.com password:akash@123]" ip="::1" method=POST queryParams="map[]" status=401 url=/employe/login
time="2024-10-10T23:31:05+05:30" level=info msg="RequestLog::" duration=1.5234ms errors= formData="map[email:akash@gmail.com password:akash@123]" ip="::1" method=POST queryParams="map[]" status=401 url=/employe/detail
time="2024-10-10T23:31:40+05:30" level=info msg="RequestLog::" duration=1.4838ms errors= formData="map[email:akash@gmail.com password:akash@123]" ip="::1" method=POST queryParams="map[]" status=401 url=/employe/login
time="2024-10-10T23:32:58+05:30" level=info msg="RequestLog::" duration=5.851ms errors= formData="map[]" ip="::1" method=POST queryParams="map[]" status=401 url=/employe/login
time="2024-10-10T23:33:17+05:30" level=info msg="RequestLog::" duration=1.0534ms errors= formData="map[]" ip="::1" method=POST queryParams="map[]" status=400 url=/employe/login
time="2024-10-10T23:34:04+05:30" level=info msg="RequestLog::" duration=2.3063ms errors= formData="map[]" ip="::1" method=POST queryParams="map[]" status=401 url=/employe/login
time="2024-10-10T23:35:45+05:30" level=info msg="RequestLog::" duration=1.9873ms errors= formData="map[]" ip="::1" method=POST queryParams="map[]" status=401 url=/employe/login
time="2024-10-10T23:36:58+05:30" level=info msg="RequestLog::" duration=6.1482ms errors= formData="map[]" ip="::1" method=POST queryParams="map[]" status=401 url=/employe/login
time="2024-10-10T23:38:23+05:30" level=info msg="RequestLog::" duration=2.9933ms errors= formData="map[]" ip="::1" method=POST queryParams="map[]" status=401 url=/employe/login
time="2024-10-10T23:44:13+05:30" level=info msg="RequestLog::" duration=4.0468ms errors= formData="map[]" ip="::1" method=POST queryParams="map[]" status=400 url=/employe/login
time="2024-10-10T23:44:23+05:30" level=info msg="RequestLog::" duration=7.7309ms errors= formData="map[]" ip="::1" method=POST queryParams="map[]" status=401 url=/employe/login
time="2024-10-10T23:48:46+05:30" level=info msg="RequestLog::" duration=63.8439ms errors= formData="map[]" ip="::1" method=POST queryParams="map[]" status=200 url=/employe/login
time="2024-10-10T23:50:16+05:30" level=info msg="RequestLog::" duration=58.3131ms errors= formData="map[]" ip="::1" method=POST queryParams="map[]" status=401 url=/employe/login
time="2024-10-10T23:50:22+05:30" level=info msg="RequestLog::" duration=58.0167ms errors= formData="map[]" ip="::1" method=POST queryParams="map[]" status=200 url=/employe/login
time="2024-10-10T23:50:52+05:30" level=info msg="RequestLog::" duration=4.5448ms errors= formData="map[email:akash@gmail.com password:akash@123]" ip="::1" method=POST queryParams="map[]" status=200 url=/employe/detail
time="2024-10-10T23:51:45+05:30" level=info msg="RequestLog::" duration="726.4µs" errors= formData="map[email:akash@gmail.com password:akash@123]" ip="::1" method=POST queryParams="map[]" status=401 url=/employe/detail
time="2024-10-11T00:11:59+05:30" level=info msg="RequestLog::" duration=6.3495ms errors= formData="map[email:akash@gmail.com password:akash@123]" ip="::1" method=POST queryParams="map[]" status=401 url=/employe/detail
time="2024-10-11T00:12:59+05:30" level=info msg="RequestLog::" duration=74.8668ms errors= formData="map[]" ip="::1" method=POST queryParams="map[]" status=200 url=/employe/login
time="2024-10-11T00:13:34+05:30" level=info msg="RequestLog::" duration=6.1144ms errors= formData="map[email:akash@gmail.com password:akash@123]" ip="::1" method=POST queryParams="map[]" status=400 url=/employe/detail
time="2024-10-11T00:18:38+05:30" level=info msg="RequestLog::" duration=2.9476ms errors= formData="map[email:akash@gmail.com password:akash@123]" ip="::1" method=POST queryParams="map[]" status=400 url=/employe/detail
time="2024-10-11T00:18:52+05:30" level=info msg="RequestLog::" duration=64.3199ms errors= formData="map[]" ip="::1" method=POST queryParams="map[]" status=200 url=/employe/login
time="2024-10-11T00:19:08+05:30" level=info msg="RequestLog::" duration=3.5925ms errors= formData="map[email:akash@gmail.com password:akash@123]" ip="::1" method=POST queryParams="map[]" status=400 url=/employe/detail
time="2024-10-11T00:20:50+05:30" level=info msg="RequestLog::" duration=56.1997ms errors= formData="map[]" ip="::1" method=POST queryParams="map[]" status=200 url=/employe/login
time="2024-10-11T00:21:05+05:30" level=info msg="RequestLog::" duration=3.8088ms errors= formData="map[email:akash@gmail.com password:akash@123]" ip="::1" method=POST queryParams="map[]" status=400 url=/employe/detail
time="2024-10-11T00:27:20+05:30" level=info msg="RequestLog::" duration=60.4821ms errors= formData="map[]" ip="::1" method=POST queryParams="map[]" status=200 url=/employe/login
time="2024-10-11T00:27:38+05:30" level=info msg="RequestLog::" duration=2.7602ms errors= formData="map[email:akash@gmail.com password:akash@123]" ip="::1" method=POST queryParams="map[]" status=200 url=/employe/detail
time="2024-10-11T00:30:07+05:30" level=info msg="RequestLog::" duration=58.5637ms errors= formData="map[]" ip="::1" method=POST queryParams="map[]" status=200 url=/employe/login
time="2024-10-11T00:30:21+05:30" level=info msg="RequestLog::" duration=1.9294ms errors= formData="map[email:akash@gmail.com password:akash@123]" ip="::1" method=POST queryParams="map[]" status=200 url=/employe/detail
time="2024-10-11T00:32:33+05:30" level=info msg="RequestLog::" duration=1.0972ms errors= formData="map[]" ip="::1" method=POST queryParams="map[]" status=400 url=/employe/login
time="2024-10-11T00:32:47+05:30" level=info msg="RequestLog::" duration="823.6µs" errors= formData="map[]" ip="::1" method=POST queryParams="map[]" status=400 url=/employe/login
time="2024-10-11T00:32:57+05:30" level=info msg="RequestLog::" duration=56.3905ms errors= formData="map[]" ip="::1" method=POST queryParams="map[]" status=200 url=/employe/login
time="2024-10-11T00:33:14+05:30" level=info msg="RequestLog::" duration=2.4469ms errors= formData="map[email:akash@gmail.com password:akash@123]" ip="::1" method=POST queryParams="map[]" status=200 url=/employe/detail
time="2024-10-11T00:33:19+05:30" level=info msg="RequestLog::" duration=1.5264ms errors= formData="map[email:akash@gmail.com password:akash@123]" ip="::1" method=POST queryParams="map[]" status=401 url=/employe/detail
time="2024-10-11T00:33:28+05:30" level=info msg="RequestLog::" duration=8.9621ms errors= formData="map[email:akash@gmail.com password:akash@123]" ip="::1" method=POST queryParams="map[]" status=200 url=/employe/detail
time="2024-10-11T14:12:49+05:30" level=info msg="RequestLog::" duration=1.4944ms errors= formData="map[]" ip="::1" method=POST queryParams="map[]" status=422 url=/person/import
time="2024-10-11T14:18:09+05:30" level=info msg="RequestLog::" duration=69.6377ms errors= formData="map[file:[map[filename:uploaded-42400820.xlsx size:11688]]]" ip="::1" method=POST queryParams="map[]" status=500 url=/person/import
time="2024-10-11T14:19:33+05:30" level=info msg="RequestLog::" duration=10.352ms errors= formData="map[file:[map[filename:uploaded-42400820.xlsx size:11688]]]" ip="::1" method=POST queryParams="map[]" status=500 url=/person/import
time="2024-10-11T14:23:19+05:30" level=info msg="RequestLog::" duration=14.5507ms errors= formData="map[file:[map[filename:uploaded-42400820.xlsx size:11688]]]" ip="::1" method=POST queryParams="map[]" status=500 url=/person/import
time="2024-10-11T14:35:49+05:30" level=info msg="RequestLog::" duration=29.7799ms errors= formData="map[file:[map[filename:uploaded-42400820.xlsx size:11688]]]" ip="::1" method=POST queryParams="map[]" status=500 url=/person/import
time="2024-10-11T14:37:13+05:30" level=info msg="RequestLog::" duration=19.2421ms errors= formData="map[file:[map[filename:uploaded-42400820.xlsx size:11688]]]" ip="::1" method=POST queryParams="map[]" status=500 url=/person/import
time="2024-10-11T14:41:11+05:30" level=info msg="RequestLog::" duration=12.846ms errors= formData="map[file:[map[filename:uploaded-42400820.xlsx size:11688]]]" ip="::1" method=POST queryParams="map[]" status=500 url=/person/import
time="2024-10-11T14:41:56+05:30" level=info msg="RequestLog::" duration=12.7848ms errors= formData="map[file:[map[filename:uploaded-42400820.xlsx size:11688]]]" ip="::1" method=POST queryParams="map[]" status=500 url=/person/import
time="2024-10-11T14:42:14+05:30" level=info msg="RequestLog::" duration=12.0654ms errors= formData="map[file:[map[filename:uploaded-42400820.xlsx size:11688]]]" ip="::1" method=POST queryParams="map[]" status=500 url=/person/import
time="2024-10-11T14:43:05+05:30" level=info msg="RequestLog::" duration=13.9647ms errors= formData="map[file:[map[filename:uploaded-42400820.xlsx size:11688]]]" ip="::1" method=POST queryParams="map[]" status=500 url=/person/import
time="2024-10-11T14:43:23+05:30" level=info msg="RequestLog::" duration=25.2476ms errors= formData="map[file:[map[filename:uploaded-42400820.xlsx size:11688]]]" ip="::1" method=POST queryParams="map[]" status=200 url=/person/import
time="2024-10-11T14:44:24+05:30" level=info msg="RequestLog::" duration=17.1625ms errors= formData="map[file:[map[filename:uploaded-42400820.xlsx size:11688]]]" ip="::1" method=POST queryParams="map[]" status=200 url=/person/import
time="2024-10-11T14:45:03+05:30" level=info msg="RequestLog::" duration=22.8251ms errors= formData="map[file:[map[filename:uploaded-42400820.xlsx size:11688]]]" ip="::1" method=POST queryParams="map[]" status=500 url=/person/import
time="2024-10-11T14:45:52+05:30" level=info msg="RequestLog::" duration=13.7087ms errors= formData="map[file:[map[filename:uploaded-42400820.xlsx size:11688]]]" ip="::1" method=POST queryParams="map[]" status=200 url=/person/import
time="2024-10-11T14:48:39+05:30" level=info msg="RequestLog::" duration=14.2158ms errors= formData="map[file:[map[filename:uploaded-42400820.xlsx size:11688]]]" ip="::1" method=POST queryParams="map[]" status=500 url=/person/import
time="2024-10-11T14:50:24+05:30" level=info msg="RequestLog::" duration=12.3419ms errors= formData="map[file:[map[filename:uploaded-42400820.xlsx size:11688]]]" ip="::1" method=POST queryParams="map[]" status=500 url=/person/import
time="2024-10-11T14:52:16+05:30" level=info msg="RequestLog::" duration=10.5901ms errors= formData="map[file:[map[filename:uploaded-42400820.xlsx size:11688]]]" ip="::1" method=POST queryParams="map[]" status=500 url=/person/import
time="2024-10-11T14:52:56+05:30" level=info msg="RequestLog::" duration=12.801ms errors= formData="map[file:[map[filename:uploaded-42400820.xlsx size:11688]]]" ip="::1" method=POST queryParams="map[]" status=500 url=/person/import
time="2024-10-11T14:53:51+05:30" level=info msg="RequestLog::" duration=12.8757ms errors= formData="map[file:[map[filename:uploaded-42400820.xlsx size:11688]]]" ip="::1" method=POST queryParams="map[]" status=200 url=/person/import
time="2024-10-11T14:54:36+05:30" level=info msg="RequestLog::" duration=11.3051ms errors= formData="map[file:[map[filename:uploaded-42400820.xlsx size:11688]]]" ip="::1" method=POST queryParams="map[]" status=200 url=/person/import
time="2024-10-11T16:01:46+05:30" level=info msg="RequestLog::" duration=52.6968ms errors= formData="map[]" ip="::1" method=GET queryParams="map[]" status=400 url=/person/detail
time="2024-10-11T16:02:31+05:30" level=info msg="RequestLog::" duration=10.7631ms errors= formData="map[]" ip="::1" method=GET queryParams="map[]" status=400 url=/person/detail
time="2024-10-11T16:02:33+05:30" level=info msg="RequestLog::" duration=9.6389ms errors= formData="map[]" ip="::1" method=GET queryParams="map[]" status=400 url=/person/detail
time="2024-10-11T16:02:42+05:30" level=info msg="RequestLog::" duration=1.9645ms errors= formData="map[]" ip="::1" method=GET queryParams="map[]" status=404 url="/person/detail/id=1"
time="2024-10-11T16:03:05+05:30" level=info msg="RequestLog::" duration=1.8844ms errors= formData="map[]" ip="::1" method=GET queryParams="map[id:[123]]" status=404 url="/person/detail/get?id=123"
time="2024-10-11T16:03:41+05:30" level=info msg="RequestLog::" duration=12.8711ms errors= formData="map[]" ip="::1" method=GET queryParams="map[id:[123]]" status=404 url="/person/detail?id=123"
time="2024-10-11T16:03:46+05:30" level=info msg="RequestLog::" duration=9.8949ms errors= formData="map[]" ip="::1" method=GET queryParams="map[id:[1]]" status=404 url="/person/detail?id=1"
time="2024-10-11T16:05:17+05:30" level=info msg="RequestLog::" duration=7.6142ms errors= formData="map[]" ip="::1" method=GET queryParams="map[id:[123]]" status=404 url="/person/detail?id=123"
time="2024-10-11T16:05:24+05:30" level=info msg="RequestLog::" duration=6.6817ms errors= formData="map[]" ip="::1" method=GET queryParams="map[id:[1]]" status=404 url="/person/detail?id=1"
time="2024-10-11T16:06:19+05:30" level=info msg="RequestLog::" duration=12.3156ms errors= formData="map[]" ip="::1" method=GET queryParams="map[id:[19]]" status=200 url="/person/detail?id=19"
time="2024-10-11T16:06:34+05:30" level=info msg="RequestLog::" duration=2.8845ms errors= formData="map[]" ip="::1" method=GET queryParams="map[id:[u]]" status=404 url="/person/detail?id=u"
time="2024-10-11T16:06:48+05:30" level=info msg="RequestLog::" duration=5.9927ms errors= formData="map[]" ip="::1" method=GET queryParams="map[id:[20]]" status=200 url="/person/detail?id=20"
time="2024-10-11T16:56:53+05:30" level=info msg="RequestLog::" duration=19.5139ms errors= formData="map[]" ip="::1" method=GET queryParams="map[id:[200]]" status=404 url="/person/detail?id=200"
time="2024-10-11T16:57:00+05:30" level=info msg="RequestLog::" duration=7.9974ms errors= formData="map[]" ip="::1" method=GET queryParams="map[id:[]]" status=400 url="/person/detail?id="
time="2024-10-11T16:57:06+05:30" level=info msg="RequestLog::" duration=10.4935ms errors= formData="map[]" ip="::1" method=GET queryParams="map[id:[20]]" status=200 url="/person/detail?id=20"
time="2024-10-11T17:51:41+05:30" level=info msg="RequestLog::" duration=46.6256ms errors= formData="map[file:[map[filename:detail1.xlsx size:11146]]]" ip="::1" method=POST queryParams="map[]" status=200 url=/choice/import-data
time="2024-10-11T17:59:35+05:30" level=info msg="RequestLog::" duration=11.7639ms errors= formData="map[file:[map[filename:detail1.xlsx size:11146]]]" ip="::1" method=POST queryParams="map[]" status=200 url=/choice/import-data
time="2024-10-11T18:02:04+05:30" level=info msg="RequestLog::" duration=13.3536ms errors= formData="map[file:[map[filename:detail1.xlsx size:11146]]]" ip="::1" method=POST queryParams="map[]" status=500 url=/choice/import-data
time="2024-10-11T18:03:52+05:30" level=info msg="RequestLog::" duration=15.9885ms errors= formData="map[file:[map[filename:detail1.xlsx size:11146]]]" ip="::1" method=POST queryParams="map[]" status=500 url=/choice/import-data
time="2024-10-11T18:03:56+05:30" level=info msg="RequestLog::" duration=9.4426ms errors= formData="map[file:[map[filename:detail1.xlsx size:11146]]]" ip="::1" method=POST queryParams="map[]" status=500 url=/choice/import-data
time="2024-10-11T18:05:21+05:30" level=info msg="RequestLog::" duration=9.3779ms errors= formData="map[file:[map[filename:detail1.xlsx size:11146]]]" ip="::1" method=POST queryParams="map[]" status=500 url=/choice/import-data
time="2024-10-11T18:05:42+05:30" level=info msg="RequestLog::" duration=9.7902ms errors= formData="map[file:[map[filename:detail1.xlsx size:11146]]]" ip="::1" method=POST queryParams="map[]" status=500 url=/choice/import-data
time="2024-10-11T18:06:32+05:30" level=info msg="RequestLog::" duration=18.7633ms errors= formData="map[file:[map[filename:detail1.xlsx size:11146]]]" ip="::1" method=POST queryParams="map[]" status=500 url=/choice/import-data
time="2024-10-11T18:07:10+05:30" level=info msg="RequestLog::" duration=41.5293ms errors= formData="map[file:[map[filename:detail1.xlsx size:11146]]]" ip="::1" method=POST queryParams="map[]" status=200 url=/choice/import-data
time="2024-10-11T19:15:14+05:30" level=info msg="RequestLog::" duration=35.5872ms errors= formData="map[]" ip="::1" method=GET queryParams="map[]" status=500 url=/choice/list
time="2024-10-11T19:16:16+05:30" level=info msg="RequestLog::" duration=26.347ms errors= formData="map[]" ip="::1" method=GET queryParams="map[]" status=200 url=/choice/list
time="2024-10-11T19:20:16+05:30" level=info msg="RequestLog::" duration=4.727ms errors= formData="map[]" ip="::1" method=GET queryParams="map[]" status=200 url=/choice/list
time="2024-10-11T19:44:08+05:30" level=info msg="RequestLog::" duration=104.5167ms errors= formData="map[file:[map[filename:detail1.xlsx size:11146]]]" ip="::1" method=POST queryParams="map[]" status=200 url=/choice/import-data
time="2024-10-11T21:16:11+05:30" level=info msg="RequestLog::" duration=38.1499ms errors= formData="map[file:[map[filename:detail1.xlsx size:11146]]]" ip="::1" method=POST queryParams="map[]" status=500 url=/choice/import-data
time="2024-10-11T21:23:57+05:30" level=info msg="RequestLog::" duration=47.1202ms errors= formData="map[file:[map[filename:detail1.xlsx size:11146]]]" ip="::1" method=POST queryParams="map[]" status=200 url=/choice/import-data
time="2024-10-11T21:24:43+05:30" level=info msg="RequestLog::" duration=13.94ms errors= formData="map[]" ip="::1" method=GET queryParams="map[]" status=500 url=/choice/list
time="2024-10-11T21:26:08+05:30" level=info msg="RequestLog::" duration=4.8121ms errors= formData="map[]" ip="::1" method=GET queryParams="map[]" status=200 url=/choice/list
time="2024-10-11T23:47:22+05:30" level=info msg="RequestLog::" duration=13.1889ms errors= formData="map[]" ip="::1" method=GET queryParams="map[]" status=200 url=/choice/list
time="2024-10-11T23:48:27+05:30" level=info msg="RequestLog::" duration=1.23ms errors= formData="map[]" ip="::1" method=GET queryParams="map[]" status=404 url=/choice/detail/1
time="2024-10-11T23:48:38+05:30" level=info msg="RequestLog::" duration=1.4518ms errors= formData="map[]" ip="::1" method=GET queryParams="map[]" status=404 url="/choice/detail/id=20"
time="2024-10-11T23:50:15+05:30" level=info msg="RequestLog::" duration=10.674ms errors= formData="map[]" ip="::1" method=GET queryParams="map[]" status=400 url=/choice/detail
time="2024-10-11T23:51:12+05:30" level=info msg="RequestLog::" duration="892.5µs" errors= formData="map[]" ip="::1" method=GET queryParams="map[]" status=404 url="/choice/detailid=100"
time="2024-10-11T23:53:37+05:30" level=info msg="RequestLog::" duration=6.8391ms errors= formData="map[]" ip="::1" method=GET queryParams="map[]" status=400 url=/choice/detail
time="2024-10-11T23:55:28+05:30" level=info msg="RequestLog::" duration=2.9568ms errors= formData="map[]" ip="::1" method=GET queryParams="map[id:[1]]" status=500 url="/choice/detail?id=1"
time="2024-10-11T23:55:52+05:30" level=info msg="RequestLog::" duration=3.2608ms errors= formData="map[]" ip="::1" method=GET queryParams="map[id:[1]]" status=500 url="/choice/detail?id=1"
time="2024-10-11T23:56:08+05:30" level=info msg="RequestLog::" duration=13.0536ms errors= formData="map[]" ip="::1" method=GET queryParams="map[]" status=404 url=/college/access-data/9
time="2024-10-11T23:56:16+05:30" level=info msg="RequestLog::" duration=3.3294ms errors= formData="map[]" ip="::1" method=GET queryParams="map[]" status=404 url=/college/access-data/20
time="2024-10-11T23:56:20+05:30" level=info msg="RequestLog::" duration=2.7827ms errors= formData="map[]" ip="::1" method=GET queryParams="map[]" status=404 url=/college/access-data/25
time="2024-10-11T23:56:25+05:30" level=info msg="RequestLog::" duration=2.3523ms errors= formData="map[]" ip="::1" method=GET queryParams="map[]" status=404 url=/college/access-data/30
time="2024-10-11T23:56:30+05:30" level=info msg="RequestLog::" duration=3.2812ms errors= formData="map[]" ip="::1" method=GET queryParams="map[]" status=404 url=/college/access-data/50
time="2024-10-11T23:56:38+05:30" level=info msg="RequestLog::" duration=4.3292ms errors= formData="map[]" ip="::1" method=GET queryParams="map[]" status=404 url=/college/access-data/20
time="2024-10-11T23:57:03+05:30" level=info msg="RequestLog::" duration=3.5047ms errors= formData="map[]" ip="::1" method=GET queryParams="map[]" status=404 url=/college/access-data/46
time="2024-10-11T23:57:16+05:30" level=info msg="RequestLog::" duration=6.6059ms errors= formData="map[]" ip="::1" method=GET queryParams="map[]" status=200 url=/college/listing-student
time="2024-10-11T23:57:26+05:30" level=info msg="RequestLog::" duration=1.4117ms errors= formData="map[]" ip="::1" method=POST queryParams="map[]" status=404 url=/college/access-data/46
time="2024-10-11T23:58:01+05:30" level=info msg="RequestLog::" duration=2.3878ms errors= formData="map[]" ip="::1" method=GET queryParams="map[]" status=404 url=/college/access-data/19
time="2024-10-11T23:58:26+05:30" level=info msg="RequestLog::" duration=5.883ms errors= formData="map[]" ip="::1" method=GET queryParams="map[id:[20]]" status=200 url="/person/detail?id=20"
time="2024-10-11T23:59:15+05:30" level=info msg="RequestLog::" duration=4.6717ms errors= formData="map[]" ip="::1" method=GET queryParams="map[id:[20]]" status=500 url="/choice/detail?id=20"
time="2024-10-12T00:00:00+05:30" level=info msg="RequestLog::" duration=2.9545ms errors= formData="map[]" ip="::1" method=GET queryParams="map[id:[20]]" status=500 url="/choice/detail?id=20"
time="2024-10-12T00:02:08+05:30" level=info msg="RequestLog::" duration=2.9263ms errors= formData="map[]" ip="::1" method=GET queryParams="map[id:[20]]" status=500 url="/choice/detail?id=20"
time="2024-10-12T00:03:56+05:30" level=info msg="RequestLog::" duration=5.5299ms errors= formData="map[]" ip="::1" method=GET queryParams="map[id:[20]]" status=200 url="/choice/detail?id=20"
time="2024-10-12T00:04:44+05:30" level=info msg="RequestLog::" duration=5.7942ms errors= formData="map[]" ip="::1" method=GET queryParams="map[id:[20000]]" status=200 url="/choice/detail?id=20000"
time="2024-10-12T00:05:01+05:30" level=info msg="RequestLog::" duration=4.3305ms errors= formData="map[]" ip="::1" method=GET queryParams="map[]" status=400 url=/choice/detail
time="2024-10-12T00:05:31+05:30" level=info msg="RequestLog::" duration=5.9038ms errors= formData="map[]" ip="::1" method=GET queryParams="map[id:[20]]" status=200 url="/choice/detail?id=20"
time="2024-10-12T00:06:14+05:30" level=info msg="RequestLog::" duration=5.1986ms errors= formData="map[]" ip="::1" method=GET queryParams="map[id:[]]" status=400 url="/choice/detail?id="
time="2024-10-12T00:06:20+05:30" level=info msg="RequestLog::" duration=4.5101ms errors= formData="map[]" ip="::1" method=GET queryParams="map[id:[]]" status=400 url="/choice/detail?id"
time="2024-10-12T00:06:27+05:30" level=info msg="RequestLog::" duration=6.8817ms errors= formData="map[]" ip="::1" method=GET queryParams="map[id:[kj]]" status=200 url="/choice/detail?id=kj"
time="2024-10-12T00:06:52+05:30" level=info msg="RequestLog::" duration=6.9227ms errors= formData="map[]" ip="::1" method=GET queryParams="map[id:[]]" status=400 url="/person/detail?id="
time="2024-10-12T00:06:58+05:30" level=info msg="RequestLog::" duration=4.6717ms errors= formData="map[]" ip="::1" method=GET queryParams="map[id:[20]]" status=200 url="/person/detail?id=20"
time="2024-10-12T00:07:59+05:30" level=info msg="RequestLog::" duration=2.3954ms errors= formData="map[]" ip="::1" method=GET queryParams="map[id:[kj]]" status=200 url="/choice/detail?id=kj"
time="2024-10-12T00:08:22+05:30" level=info msg="RequestLog::" duration=4.7613ms errors= formData="map[]" ip="::1" method=GET queryParams="map[id:[20]]" status=200 url="/choice/detail?id=20"
time="2024-10-12T00:09:43+05:30" level=info msg="RequestLog::" duration=1.6655ms errors= formData="map[]" ip="::1" method=GET queryParams="map[id:[20]]" status=200 url="/choice/detail?id=20"
time="2024-10-12T00:11:14+05:30" level=info msg="RequestLog::" duration=1.7959ms errors= formData="map[]" ip="::1" method=GET queryParams="map[id:[20]]" status=200 url="/choice/detail?id=20"
time="2024-10-12T00:12:17+05:30" level=info msg="RequestLog::" duration=1.692ms errors= formData="map[]" ip="::1" method=GET queryParams="map[id:[20]]" status=200 url="/choice/detail?id=20"
time="2024-10-12T00:12:39+05:30" level=info msg="RequestLog::" duration=2.0785ms errors= formData="map[]" ip="::1" method=GET queryParams="map[id:[]]" status=400 url="/choice/detail?id="
time="2024-10-12T00:13:03+05:30" level=info msg="RequestLog::" duration=1.0665ms errors= formData="map[]" ip="::1" method=GET queryParams="map[id:[19]]" status=200 url="/choice/detail?id=19"
time="2024-10-12T00:14:00+05:30" level=info msg="RequestLog::" duration=3.2195ms errors= formData="map[]" ip="::1" method=GET queryParams="map[id:[19]]" status=200 url="/choice/detail?id=19"
time="2024-10-12T00:14:06+05:30" level=info msg="RequestLog::" duration=7.5628ms errors= formData="map[]" ip="::1" method=GET queryParams="map[id:[46]]" status=200 url="/choice/detail?id=46"
time="2024-10-12T00:14:23+05:30" level=info msg="RequestLog::" duration=2.6783ms errors= formData="map[]" ip="::1" method=GET queryParams="map[id:[4600]]" status=200 url="/choice/detail?id=4600"
time="2024-10-12T00:15:24+05:30" level=info msg="RequestLog::" duration=3.0344ms errors= formData="map[]" ip="::1" method=GET queryParams="map[id:[4600]]" status=200 url="/choice/detail?id=4600"
time="2024-10-12T00:17:22+05:30" level=info msg="RequestLog::" duration=1.5758ms errors= formData="map[]" ip="::1" method=GET queryParams="map[id:[4600]]" status=200 url="/choice/detail?id=4600"
time="2024-10-12T00:20:16+05:30" level=info msg="RequestLog::" duration=1.6012ms errors= formData="map[]" ip="::1" method=GET queryParams="map[id:[4600]]" status=200 url="/choice/detail?id=4600"
time="2024-10-12T00:24:17+05:30" level=info msg="RequestLog::" duration=1.6675ms errors= formData="map[]" ip="::1" method=GET queryParams="map[id:[4600]]" status=200 url="/choice/detail?id=4600"
time="2024-10-12T00:26:51+05:30" level=info msg="RequestLog::" duration=14.7336ms errors= formData="map[]" ip="::1" method=GET queryParams="map[id:[4600]]" status=200 url="/choice/detail?id=4600"
time="2024-10-12T00:27:32+05:30" level=info msg="RequestLog::" duration=3.5713ms errors= formData="map[]" ip="::1" method=GET queryParams="map[id:[4600]]" status=200 url="/choice/detail?id=4600"
time="2024-10-12T00:28:54+05:30" level=info msg="RequestLog::" duration=2.3669ms errors= formData="map[]" ip="::1" method=GET queryParams="map[id:[4600]]" status=200 url="/choice/detail?id=4600"
time="2024-10-12T00:29:08+05:30" level=info msg="RequestLog::" duration=10.7567ms errors= formData="map[]" ip="::1" method=GET queryParams="map[id:[46]]" status=200 url="/choice/detail?id=46"
time="2024-10-12T00:37:12+05:30" level=info msg="RequestLog::" duration=3.0076ms errors= formData="map[]" ip="::1" method=GET queryParams="map[id:[46]]" status=200 url="/choice/detail?id=46"
time="2024-10-12T00:37:17+05:30" level=info msg="RequestLog::" duration=6.3152ms errors= formData="map[]" ip="::1" method=GET queryParams="map[id:[460]]" status=200 url="/choice/detail?id=460"
time="2024-10-12T00:39:03+05:30" level=info msg="RequestLog::" duration=2.7406ms errors= formData="map[]" ip="::1" method=GET queryParams="map[id:[460]]" status=200 url="/choice/detail?id=460"
time="2024-10-12T00:44:31+05:30" level=info msg="RequestLog::" duration=3.9624ms errors= formData="map[]" ip="::1" method=GET queryParams="map[id:[460]]" status=200 url="/choice/detail?id=460"
time="2024-10-12T00:44:37+05:30" level=info msg="RequestLog::" duration=6.1447ms errors= formData="map[]" ip="::1" method=GET queryParams="map[id:[]]" status=400 url="/choice/detail?id="
time="2024-10-12T00:45:14+05:30" level=info msg="RequestLog::" duration=1.0776ms errors= formData="map[]" ip="::1" method=GET queryParams="map[id:[]]" status=400 url="/choice/detail?id="
time="2024-10-12T00:45:23+05:30" level=info msg="RequestLog::" duration=3.2086ms errors= formData="map[]" ip="::1" method=GET queryParams="map[id:[er]]" status=200 url="/choice/detail?id=er"
time="2024-10-12T00:55:16+05:30" level=info msg="RequestLog::" duration=2.6034ms errors= formData="map[]" ip="::1" method=GET queryParams="map[id:[er]]" status=404 url="/choice/detail?id=er"
time="2024-10-12T00:55:23+05:30" level=info msg="RequestLog::" duration="858.2µs" errors= formData="map[]" ip="::1" method=GET queryParams="map[id:[]]" status=400 url="/choice/detail?id="
time="2024-10-12T00:55:29+05:30" level=info msg="RequestLog::" duration=3.1252ms errors= formData="map[]" ip="::1" method=GET queryParams="map[id:[10]]" status=404 url="/choice/detail?id=10"
time="2024-10-12T00:55:35+05:30" level=info msg="RequestLog::" duration=5.4834ms errors= formData="map[]" ip="::1" method=GET queryParams="map[id:[46]]" status=200 url="/choice/detail?id=46"
time="2024-10-12T00:56:50+05:30" level=info msg="RequestLog::" duration=2.8208ms errors= formData="map[]" ip="::1" method=GET queryParams="map[id:[46]]" status=200 url="/choice/detail?id=46"
time="2024-10-12T00:56:54+05:30" level=info msg="RequestLog::" duration=2.5842ms errors= formData="map[]" ip="::1" method=GET queryParams="map[id:[460]]" status=200 url="/choice/detail?id=460"
time="2024-10-12T01:01:32+05:30" level=info msg="RequestLog::" duration=2.7294ms errors= formData="map[]" ip="::1" method=GET queryParams="map[id:[460]]" status=200 url="/choice/detail?id=460"
time="2024-10-12T01:01:44+05:30" level=info msg="RequestLog::" duration=1.8556ms errors= formData="map[]" ip="::1" method=GET queryParams="map[id:[]]" status=400 url="/choice/detail?id="
time="2024-10-12T01:01:49+05:30" level=info msg="RequestLog::" duration=2.468ms errors= formData="map[]" ip="::1" method=GET queryParams="map[id:[lk]]" status=200 url="/choice/detail?id=lk"
time="2024-10-12T01:02:30+05:30" level=info msg="RequestLog::" duration=2.3199ms errors= formData="map[]" ip="::1" method=GET queryParams="map[id:[lk]]" status=404 url="/choice/detail?id=lk"
time="2024-10-12T01:02:40+05:30" level=info msg="RequestLog::" duration=3.3365ms errors= formData="map[]" ip="::1" method=GET queryParams="map[id:[460]]" status=404 url="/choice/detail?id=460"
time="2024-10-12T01:02:44+05:30" level=info msg="RequestLog::" duration=3.2705ms errors= formData="map[]" ip="::1" method=GET queryParams="map[id:[46]]" status=200 url="/choice/detail?id=46"
time="2024-10-12T01:03:50+05:30" level=info msg="RequestLog::" duration=2.7548ms errors= formData="map[]" ip="::1" method=GET queryParams="map[id:[46]]" status=200 url="/choice/detail?id=46"
time="2024-10-12T01:03:54+05:30" level=info msg="RequestLog::" duration=2.2702ms errors= formData="map[]" ip="::1" method=GET queryParams="map[id:[460]]" status=404 url="/choice/detail?id=460"
time="2024-10-12T01:08:48+05:30" level=info msg="RequestLog::" duration=7.4073ms errors= formData="map[]" ip="::1" method=GET queryParams="map[id:[46]]" status=200 url="/choice/detail?id=46"
time="2024-10-12T01:08:52+05:30" level=info msg="RequestLog::" duration=2.2201ms errors= formData="map[]" ip="::1" method=GET queryParams="map[id:[460]]" status=404 url="/choice/detail?id=460"
time="2024-10-12T01:10:07+05:30" level=info msg="RequestLog::" duration=76.091ms errors= formData="map[]" ip="::1" method=POST queryParams="map[]" status=200 url=/employe/login
time="2024-10-12T01:11:15+05:30" level=info msg="RequestLog::" duration=3.556ms errors= formData="map[]" ip="::1" method=POST queryParams="map[]" status=200 url=/employe/detail
time="2024-10-12T01:13:03+05:30" level=info msg="RequestLog::" duration=13.4417ms errors= formData="map[]" ip="::1" method=GET queryParams="map[]" status=200 url=/college/access-data/2
time="2024-10-12T01:13:07+05:30" level=info msg="RequestLog::" duration=1.048ms errors= formData="map[]" ip="::1" method=GET queryParams="map[]" status=404 url=/college/access-data/
time="2024-10-12T01:13:12+05:30" level=info msg="RequestLog::" duration=2.2345ms errors= formData="map[]" ip="::1" method=GET queryParams="map[]" status=200 url=/college/access-data/2
time="2024-10-12T01:13:20+05:30" level=info msg="RequestLog::" duration=6.02ms errors= formData="map[]" ip="::1" method=POST queryParams="map[]" status=404 url=/college/delete/1
time="2024-10-12T01:13:32+05:30" level=info msg="RequestLog::" duration=2.8561ms errors= formData="map[first_name:pramod last_name:gharge middle_name:uttamrav]" ip="::1" method=POST queryParams="map[]" status=404 url=/college/update/200
time="2024-10-12T01:13:41+05:30" level=info msg="RequestLog::" duration=16.4538ms errors= formData="map[]" ip="::1" method=POST queryParams="map[]" status=200 url=/college/update/8
time="2024-10-12T01:22:24+05:30" level=info msg="RequestLog::" duration=59.3376ms errors= formData="map[]" ip="::1" method=POST queryParams="map[]" status=200 url=/employe/login
time="2024-10-12T01:22:40+05:30" level=info msg="RequestLog::" duration=2.4555ms errors= formData="map[]" ip="::1" method=POST queryParams="map[]" status=200 url=/employe/detail
time="2024-10-15T14:20:59+05:30" level=info msg="RequestLog::" duration=91.7721ms errors= formData="map[]" ip="::1" method=POST queryParams="map[]" status=200 url=/employe/login
time="2024-10-15T14:21:14+05:30" level=info msg="RequestLog::" duration=2.9447ms errors= formData="map[]" ip="::1" method=POST queryParams="map[]" status=200 url=/employe/detail
time="2024-10-15T14:21:43+05:30" level=info msg="RequestLog::" duration=1.2468ms errors= formData="map[]" ip="::1" method=POST queryParams="map[]" status=401 url=/employe/logout
time="2024-10-15T14:22:04+05:30" level=info msg="RequestLog::" duration=1.2355ms errors= formData="map[]" ip="::1" method=POST queryParams="map[]" status=200 url=/employe/logout
time="2024-10-15T14:22:24+05:30" level=info msg="RequestLog::" duration=1.2718ms errors= formData="map[]" ip="::1" method=POST queryParams="map[]" status=401 url=/employe/detail
time="2024-10-15T14:22:44+05:30" level=info msg="RequestLog::" duration=61.4367ms errors= formData="map[]" ip="::1" method=POST queryParams="map[]" status=200 url=/employe/login
time="2024-10-15T14:22:55+05:30" level=info msg="RequestLog::" duration=7.1113ms errors= formData="map[]" ip="::1" method=POST queryParams="map[]" status=200 url=/employe/detail
time="2024-10-15T14:23:03+05:30" level=info msg="RequestLog::" duration=1.3071ms errors= formData="map[]" ip="::1" method=POST queryParams="map[]" status=401 url=/employe/logout
time="2024-10-15T14:23:10+05:30" level=info msg="RequestLog::" duration=1.8743ms errors= formData="map[]" ip="::1" method=POST queryParams="map[]" status=200 url=/employe/logout
time="2024-10-15T14:23:17+05:30" level=info msg="RequestLog::" duration="650.8µs" errors= formData="map[]" ip="::1" method=POST queryParams="map[]" status=401 url=/employe/detail
time="2024-10-15T14:44:44+05:30" level=info msg="RequestLog::" duration=74.0984ms errors= formData="map[]" ip="::1" method=POST queryParams="map[]" status=200 url=/employe/login
time="2024-10-15T14:44:56+05:30" level=info msg="RequestLog::" duration=1.17ms errors= formData="map[]" ip="::1" method=POST queryParams="map[]" status=401 url=/employe/detail
time="2024-10-15T14:45:02+05:30" level=info msg="RequestLog::" duration=5.6338ms errors= formData="map[]" ip="::1" method=POST queryParams="map[]" status=200 url=/employe/detail
time="2024-10-15T14:45:10+05:30" level=info msg="RequestLog::" duration="728.9µs" errors= formData="map[]" ip="::1" method=POST queryParams="map[]" status=401 url=/employe/logout
time="2024-10-15T14:45:24+05:30" level=info msg="RequestLog::" duration=1.4023ms errors= formData="map[]" ip="::1" method=POST queryParams="map[]" status=200 url=/employe/logout
time="2024-10-15T14:45:47+05:30" level=info msg="RequestLog::" duration=1.6288ms errors= formData="map[]" ip="::1" method=POST queryParams="map[]" status=401 url=/employe/detail
time="2024-10-15T14:45:57+05:30" level=info msg="RequestLog::" duration=1.5361ms errors= formData="map[]" ip="::1" method=POST queryParams="map[]" status=401 url=/employe/detail
time="2024-10-15T14:46:20+05:30" level=info msg="RequestLog::" duration=64.4563ms errors= formData="map[]" ip="::1" method=POST queryParams="map[]" status=200 url=/employe/login
time="2024-10-15T14:46:30+05:30" level=info msg="RequestLog::" duration=3.7511ms errors= formData="map[]" ip="::1" method=POST queryParams="map[]" status=200 url=/employe/detail
time="2024-10-15T14:46:37+05:30" level=info msg="RequestLog::" duration=1.3356ms errors= formData="map[]" ip="::1" method=POST queryParams="map[]" status=401 url=/employe/logout
time="2024-10-15T14:46:43+05:30" level=info msg="RequestLog::" duration=1.5545ms errors= formData="map[]" ip="::1" method=POST queryParams="map[]" status=200 url=/employe/logout
time="2024-10-15T14:46:52+05:30" level=info msg="RequestLog::" duration="966.8µs" errors= formData="map[]" ip="::1" method=POST queryParams="map[]" status=401 url=/employe/detail
time="2024-10-15T14:52:30+05:30" level=info msg="RequestLog::" duration=57.3975ms errors= formData="map[]" ip="::1" method=POST queryParams="map[]" status=200 url=/employe/login
time="2024-10-15T14:52:41+05:30" level=info msg="RequestLog::" duration=2.5874ms errors= formData="map[]" ip="::1" method=POST queryParams="map[]" status=200 url=/employe/detail
time="2024-10-15T14:52:51+05:30" level=info msg="RequestLog::" duration=1.2048ms errors= formData="map[]" ip="::1" method=POST queryParams="map[]" status=200 url=/employe/logout
time="2024-10-15T15:14:39+05:30" level=info msg="RequestLog::" duration=78.6025ms errors= formData="map[]" ip="::1" method=GET queryParams="map[]" status=200 url=/choice/list
time="2024-10-15T15:14:48+05:30" level=info msg="RequestLog::" duration=9.5003ms errors= formData="map[]" ip="::1" method=GET queryParams="map[id:[460]]" status=404 url="/choice/detail?id=460"
time="2024-10-15T15:14:57+05:30" level=info msg="RequestLog::" duration=5.1791ms errors= formData="map[]" ip="::1" method=GET queryParams="map[id:[46]]" status=404 url="/choice/detail?id=46"
time="2024-10-15T15:16:08+05:30" level=info msg="RequestLog::" duration=3.1153ms errors= formData="map[]" ip="::1" method=GET queryParams="map[]" status=200 url=/choice/list
time="2024-10-15T15:16:18+05:30" level=info msg="RequestLog::" duration=5.1702ms errors= formData="map[]" ip="::1" method=GET queryParams="map[id:[46]]" status=404 url="/choice/detail?id=46"
time="2024-10-15T15:17:39+05:30" level=info msg="RequestLog::" duration=4.0741ms errors= formData="map[]" ip="::1" method=GET queryParams="map[id:[46]]" status=200 url="/choice/detail?id=46"
time="2024-10-15T15:17:51+05:30" level=info msg="RequestLog::" duration=2.7342ms errors= formData="map[]" ip="::1" method=GET queryParams="map[id:[460]]" status=200 url="/choice/detail?id=460"
time="2024-10-15T15:18:41+05:30" level=info msg="RequestLog::" duration=2.8685ms errors= formData="map[]" ip="::1" method=GET queryParams="map[id:[460]]" status=404 url="/choice/detail?id=460"
time="2024-10-15T15:18:45+05:30" level=info msg="RequestLog::" duration=4.971ms errors= formData="map[]" ip="::1" method=GET queryParams="map[id:[46]]" status=200 url="/choice/detail?id=46"
time="2024-10-16T19:13:25+05:30" level=info msg="RequestLog::" duration=90.5651ms errors= formData="map[]" ip="::1" method=GET queryParams="map[]" status=200 url=/person/export-detail
time="2024-10-16T19:19:36+05:30" level=info msg="RequestLog::" duration=6.4277ms errors= formData="map[]" ip="::1" method=GET queryParams="map[]" status=500 url=/person/export-detail
time="2024-10-16T19:25:38+05:30" level=info msg="RequestLog::" duration=6.6878ms errors= formData="map[]" ip="::1" method=GET queryParams="map[]" status=200 url=/person/export-detail
time="2024-10-16T19:27:19+05:30" level=info msg="RequestLog::" duration=7.6917ms errors= formData="map[]" ip="::1" method=GET queryParams="map[]" status=500 url=/person/export-detail
time="2024-10-16T19:30:39+05:30" level=info msg="RequestLog::" duration=14.252ms errors= formData="map[]" ip="::1" method=GET queryParams="map[]" status=200 url=/person/export-detail
time="2024-10-16T20:28:06+05:30" level=info msg="RequestLog::" duration=168.7774ms errors= formData="map[]" ip="::1" method=GET queryParams="map[]" status=200 url=/choice/person-export-detil
time="2024-10-19T16:26:47+05:30" level=info msg="RequestLog::" duration=1.6506ms errors= formData="map[]" ip="::1" method=POST queryParams="map[]" status=400 url=/user/registration
time="2024-10-19T16:27:15+05:30" level=info msg="RequestLog::" duration=3.084ms errors= formData="map[]" ip="::1" method=POST queryParams="map[]" status=400 url=/user/registration
time="2024-10-19T16:28:22+05:30" level=info msg="RequestLog::" duration=1.7322ms errors= formData="map[]" ip="::1" method=POST queryParams="map[]" status=400 url=/user/registration
time="2024-10-19T16:29:51+05:30" level=info msg="RequestLog::" duration=1.6804ms errors= formData="map[]" ip="::1" method=POST queryParams="map[]" status=400 url=/user/registration
time="2024-10-19T16:31:34+05:30" level=info msg="RequestLog::" duration=2.0085ms errors= formData="map[]" ip="::1" method=POST queryParams="map[]" status=400 url=/user/registration
time="2024-10-19T16:36:18+05:30" level=info msg="RequestLog::" duration=1.9466ms errors= formData="map[]" ip="::1" method=POST queryParams="map[]" status=400 url=/user/registration
time="2024-10-19T16:38:15+05:30" level=info msg="RequestLog::" duration=1.7421ms errors= formData="map[]" ip="::1" method=POST queryParams="map[]" status=400 url=/user/registration
time="2024-10-19T16:40:58+05:30" level=info msg="RequestLog::" duration=139.2575ms errors= formData="map[]" ip="::1" method=POST queryParams="map[]" status=200 url=/user/registration
time="2024-10-19T16:43:33+05:30" level=info msg="RequestLog::" duration=116.624ms errors= formData="map[]" ip="::1" method=POST queryParams="map[]" status=500 url=/user/registration
time="2024-10-19T16:44:09+05:30" level=info msg="RequestLog::" duration=106.1845ms errors= formData="map[]" ip="::1" method=POST queryParams="map[]" status=200 url=/user/registration
time="2024-10-19T16:49:07+05:30" level=info msg="RequestLog::" duration=103.0344ms errors= formData="map[]" ip="::1" method=POST queryParams="map[]" status=200 url=/user/registration
time="2024-10-19T16:55:06+05:30" level=info msg="RequestLog::" duration=102.3002ms errors= formData="map[]" ip="::1" method=POST queryParams="map[]" status=200 url=/user/registration
time="2024-10-19T16:56:51+05:30" level=info msg="RequestLog::" duration=104.7277ms errors= formData="map[]" ip="::1" method=POST queryParams="map[]" status=200 url=/user/registration
time="2024-10-19T16:59:43+05:30" level=info msg="RequestLog::" duration=1.8868ms errors= formData="map[]" ip="::1" method=GET queryParams="map[]" status=404 url=/user/login
time="2024-10-19T16:59:50+05:30" level=info msg="RequestLog::" duration="587.4µs" errors= formData="map[]" ip="::1" method=POST queryParams="map[]" status=400 url=/user/login
time="2024-10-19T17:00:40+05:30" level=info msg="RequestLog::" duration=99.1631ms errors= formData="map[]" ip="::1" method=POST queryParams="map[]" status=200 url=/user/login
time="2024-10-19T17:00:48+05:30" level=info msg="RequestLog::" duration=99.1741ms errors= formData="map[]" ip="::1" method=POST queryParams="map[]" status=500 url=/user/login
time="2024-10-19T17:01:39+05:30" level=info msg="RequestLog::" duration=5.9324ms errors= formData="map[]" ip="::1" method=POST queryParams="map[]" status=500 url=/user/login
time="2024-10-19T17:01:47+05:30" level=info msg="RequestLog::" duration=99.7894ms errors= formData="map[]" ip="::1" method=POST queryParams="map[]" status=200 url=/user/login
time="2024-10-19T17:11:13+05:30" level=info msg="RequestLog::" duration=1.7833ms errors= formData="map[]" ip="::1" method=POST queryParams="map[]" status=400 url=/user/registration
time="2024-10-19T17:11:18+05:30" level=info msg="RequestLog::" duration=109.6912ms errors= formData="map[]" ip="::1" method=POST queryParams="map[]" status=500 url=/user/registration
time="2024-10-19T17:11:45+05:30" level=info msg="RequestLog::" duration=97.8452ms errors= formData="map[]" ip="::1" method=POST queryParams="map[]" status=200 url=/user/registration
time="2024-10-19T17:13:40+05:30" level=info msg="RequestLog::" duration=99.1272ms errors= formData="map[]" ip="::1" method=POST queryParams="map[]" status=200 url=/user/registration
time="2024-10-19T18:19:41+05:30" level=info msg="RequestLog::" duration=96.1859ms errors= formData="map[]" ip="::1" method=POST queryParams="map[]" status=200 url=/user/login
time="2024-10-19T18:20:34+05:30" level=info msg="RequestLog::" duration=1.1344ms errors= formData="map[]" ip="::1" method=POST queryParams="map[]" status=401 url=/user/booking
time="2024-10-19T18:20:57+05:30" level=info msg="RequestLog::" duration=1.384ms errors= formData="map[]" ip="::1" method=POST queryParams="map[]" status=400 url=/user/booking
time="2024-10-19T18:21:13+05:30" level=info msg="RequestLog::" duration=1.9943ms errors= formData="map[]" ip="::1" method=POST queryParams="map[]" status=400 url=/user/booking
time="2024-10-19T19:18:49+05:30" level=info msg="RequestLog::" duration=4.2484ms errors= formData="map[]" ip="::1" method=POST queryParams="map[]" status=500 url=/user/login
time="2024-10-19T19:18:58+05:30" level=info msg="RequestLog::" duration=58.5284ms errors= formData="map[]" ip="::1" method=POST queryParams="map[]" status=200 url=/user/login
time="2024-10-19T19:21:05+05:30" level=info msg="RequestLog::" duration=1.3873ms errors= formData="map[]" ip="::1" method=POST queryParams="map[]" status=400 url=/user/booking
time="2024-10-19T19:23:22+05:30" level=info msg="RequestLog::" duration=1.1161ms errors= formData="map[]" ip="::1" method=POST queryParams="map[]" status=400 url=/user/booking
time="2024-10-19T19:25:12+05:30" level=info msg="RequestLog::" duration=1.1292ms errors= formData="map[]" ip="::1" method=POST queryParams="map[]" status=400 url=/user/booking
time="2024-10-19T19:53:16+05:30" level=info msg="RequestLog::" duration=1.2269ms errors= formData="map[]" ip="::1" method=POST queryParams="map[]" status=400 url=/user/booking
time="2024-10-19T20:01:29+05:30" level=info msg="RequestLog::" duration=5.6138ms errors= formData="map[]" ip="::1" method=POST queryParams="map[]" status=500 url=/user/booking
time="2024-10-19T20:05:48+05:30" level=info msg="RequestLog::" duration=277.9908ms errors= formData="map[]" ip="::1" method=POST queryParams="map[]" status=200 url=/user/booking
time="2024-10-19T20:14:34+05:30" level=info msg="RequestLog::" duration=4.7193939s errors= formData="map[]" ip="::1" method=POST queryParams="map[]" status=200 url=/user/booking
time="2024-10-19T20:15:56+05:30" level=info msg="RequestLog::" duration=4.4508727s errors= formData="map[]" ip="::1" method=POST queryParams="map[]" status=200 url=/user/booking
time="2024-10-19T20:18:55+05:30" level=info msg="RequestLog::" duration=7.8549ms errors= formData="map[]" ip="::1" method=POST queryParams="map[]" status=500 url=/user/booking
time="2024-10-19T20:19:47+05:30" level=info msg="RequestLog::" duration=4.5677481s errors= formData="map[]" ip="::1" method=POST queryParams="map[]" status=200 url=/user/booking
time="2024-10-19T20:21:43+05:30" level=info msg="RequestLog::" duration=4.5558548s errors= formData="map[]" ip="::1" method=POST queryParams="map[]" status=200 url=/user/booking
time="2024-10-19T20:23:52+05:30" level=info msg="RequestLog::" duration=5.4538545s errors= formData="map[]" ip="::1" method=POST queryParams="map[]" status=200 url=/user/booking
time="2024-10-19T20:34:36+05:30" level=info msg="RequestLog::" duration=4.4690868s errors= formData="map[]" ip="::1" method=POST queryParams="map[]" status=200 url=/user/booking
time="2024-10-19T20:35:19+05:30" level=info msg="RequestLog::" duration=4.9902223s errors= formData="map[]" ip="::1" method=POST queryParams="map[]" status=200 url=/user/booking
time="2024-10-19T20:35:34+05:30" level=info msg="RequestLog::" duration=2.3284ms errors= formData="map[]" ip="::1" method=POST queryParams="map[]" status=400 url=/user/booking
time="2024-10-19T20:40:31+05:30" level=info msg="RequestLog::" duration=4.7050105s errors= formData="map[]" ip="::1" method=POST queryParams="map[]" status=200 url=/user/booking
time="2024-10-19T20:44:29+05:30" level=info msg="RequestLog::" duration=4.5127941s errors= formData="map[]" ip="::1" method=POST queryParams="map[]" status=200 url=/user/booking
time="2024-10-19T20:53:04+05:30" level=info msg="RequestLog::" duration=11.296ms errors= formData="map[]" ip="::1" method=POST queryParams="map[]" status=500 url=/user/booking
time="2024-10-19T20:54:03+05:30" level=info msg="RequestLog::" duration=4.6527826s errors= formData="map[]" ip="::1" method=POST queryParams="map[]" status=200 url=/user/booking
time="2024-10-19T21:21:51+05:30" level=info msg="RequestLog::" duration=8.1164635s errors= formData="map[]" ip="::1" method=POST queryParams="map[]" status=200 url=/user/booking
time="2024-10-19T21:34:00+05:30" level=info msg="RequestLog::" duration=34.9586ms errors= formData="map[]" ip="::1" method=POST queryParams="map[]" status=500 url=/user/booking
time="2024-10-19T21:34:46+05:30" level=info msg="RequestLog::" duration=108.9766ms errors= formData="map[]" ip="::1" method=POST queryParams="map[]" status=200 url=/user/login
time="2024-10-19T21:35:08+05:30" level=info msg="RequestLog::" duration=8.2141156s errors= formData="map[]" ip="::1" method=POST queryParams="map[]" status=200 url=/user/booking
time="2024-10-19T21:42:46+05:30" level=info msg="RequestLog::" duration=4.7707972s errors= formData="map[]" ip="::1" method=POST queryParams="map[]" status=200 url=/user/booking
time="2024-10-19T21:45:50+05:30" level=info msg="RequestLog::" duration=8.3413349s errors= formData="map[]" ip="::1" method=POST queryParams="map[]" status=200 url=/user/booking
time="2024-10-19T23:36:36+05:30" level=info msg="RequestLog::" duration=4.7930119s errors= formData="map[]" ip="::1" method=POST queryParams="map[]" status=200 url=/user/booking
time="2024-10-20T00:22:09+05:30" level=info msg="RequestLog::" duration=26.9863ms errors= formData="map[]" ip="::1" method=POST queryParams="map[]" status=200 url=/user/booking
time="2024-10-20T00:40:27+05:30" level=info msg="RequestLog::" duration=7.8644ms errors= formData="map[]" ip="::1" method=GET queryParams="map[]" status=400 url=/user/booking-list
time="2024-10-20T00:41:17+05:30" level=info msg="RequestLog::" duration=6.1998ms errors= formData="map[]" ip="::1" method=GET queryParams="map[]" status=200 url=/user/booking-list
time="2024-10-20T00:43:46+05:30" level=info msg="RequestLog::" duration=22.4652ms errors= formData="map[]" ip="::1" method=POST queryParams="map[]" status=200 url=/user/booking
time="2024-10-20T00:48:36+05:30" level=info msg="RequestLog::" duration=17.6018ms errors= formData="map[]" ip="::1" method=POST queryParams="map[]" status=200 url=/user/booking
time="2024-10-20T00:49:59+05:30" level=info msg="RequestLog::" duration=1.2893ms errors= formData="map[]" ip="::1" method=GET queryParams="map[]" status=401 url=/user/booking-list
time="2024-10-20T00:50:05+05:30" level=info msg="RequestLog::" duration=5.2185ms errors= formData="map[]" ip="::1" method=GET queryParams="map[]" status=200 url=/user/booking-list
time="2024-10-20T02:39:18+05:30" level=info msg="RequestLog::" duration=17.3269ms errors= formData="map[]" ip="::1" method=POST queryParams="map[]" status=404 url=/user/booling-delete/
time="2024-10-20T02:39:36+05:30" level=info msg="RequestLog::" duration=113.897ms errors= formData="map[]" ip="::1" method=POST queryParams="map[]" status=200 url=/user/login
time="2024-10-20T02:39:56+05:30" level=info msg="RequestLog::" duration=1.2165ms errors= formData="map[]" ip="::1" method=POST queryParams="map[]" status=404 url=/user/booling-delete/
time="2024-10-20T02:40:31+05:30" level=info msg="RequestLog::" duration=14.2712ms errors= formData="map[]" ip="::1" method=POST queryParams="map[]" status=500 url=/user/booling-delete/10
time="2024-10-20T02:41:13+05:30" level=info msg="RequestLog::" duration=22.4457ms errors= formData="map[]" ip="::1" method=POST queryParams="map[]" status=200 url=/user/booling-delete/4
time="2024-10-20T02:41:30+05:30" level=info msg="RequestLog::" duration=4.0708ms errors= formData="map[]" ip="::1" method=GET queryParams="map[]" status=200 url=/user/booking-list
time="2024-10-20T02:41:44+05:30" level=info msg="RequestLog::" duration=7.3947ms errors= formData="map[]" ip="::1" method=POST queryParams="map[]" status=200 url=/user/booling-delete/3
time="2024-10-20T02:41:49+05:30" level=info msg="RequestLog::" duration=3.9836ms errors= formData="map[]" ip="::1" method=GET queryParams="map[]" status=200 url=/user/booking-list
time="2024-10-20T02:42:46+05:30" level=info msg="RequestLog::" duration="573µs" errors= formData="map[]" ip="::1" method=POST queryParams="map[]" status=401 url=/user/booking-update
time="2024-10-20T02:43:13+05:30" level=info msg="RequestLog::" duration=101.3425ms errors= formData="map[]" ip="::1" method=POST queryParams="map[]" status=200 url=/user/login
time="2024-10-20T02:43:38+05:30" level=info msg="RequestLog::" duration=3.2177ms errors= formData="map[]" ip="::1" method=POST queryParams="map[]" status=400 url=/user/booking-update
time="2024-10-20T02:44:42+05:30" level=info msg="RequestLog::" duration=12.1445ms errors= formData="map[]" ip="::1" method=POST queryParams="map[]" status=200 url=/user/booking-update
time="2024-10-20T02:45:48+05:30" level=info msg="RequestLog::" duration=3.7949ms errors= formData="map[]" ip="::1" method=GET queryParams="map[]" status=200 url=/user/booking-list
time="2024-10-20T02:50:28+05:30" level=info msg="RequestLog::" duration="949µs" errors= formData="map[booking_date:2024-10-25 bus_type:ac destination:satara gender:Male location:pune passenger_name:shruti gharge]" ip="::1" method=POST queryParams="map[]" status=404 url=/user/booking-update
time="2024-10-20T02:50:35+05:30" level=info msg="RequestLog::" duration=22.42ms errors= formData="map[]" ip="::1" method=POST queryParams="map[]" status=404 url=/user/booking-update/5
time="2024-10-20T02:50:43+05:30" level=info msg="RequestLog::" duration=16.2927ms errors= formData="map[]" ip="::1" method=POST queryParams="map[]" status=200 url=/user/booking-update/2
time="2024-10-20T02:54:49+05:30" level=info msg="RequestLog::" duration=7.4018ms errors= formData="map[]" ip="::1" method=POST queryParams="map[]" status=200 url=/user/booking-update/2
time="2024-10-20T02:55:27+05:30" level=info msg="RequestLog::" duration=8.4592ms errors= formData="map[]" ip="::1" method=POST queryParams="map[]" status=404 url=/user/booking-update/22
time="2024-10-20T02:55:32+05:30" level=info msg="RequestLog::" duration=6.0647ms errors= formData="map[]" ip="::1" method=POST queryParams="map[]" status=200 url=/user/booking-update/2
time="2024-10-20T03:01:01+05:30" level=info msg="RequestLog::" duration=10.8966ms errors= formData="map[]" ip="::1" method=POST queryParams="map[]" status=200 url=/user/booking-update/2
time="2024-10-20T03:02:43+05:30" level=info msg="RequestLog::" duration=8.9972ms errors= formData="map[]" ip="::1" method=POST queryParams="map[]" status=200 url=/user/booking-update/1
time="2024-10-20T03:05:44+05:30" level=info msg="RequestLog::" duration=10.3952ms errors= formData="map[]" ip="::1" method=POST queryParams="map[]" status=400 url=/admin/registration
time="2024-10-20T03:07:09+05:30" level=info msg="RequestLog::" duration=123.6681ms errors= formData="map[]" ip="::1" method=POST queryParams="map[]" status=200 url=/admin/registration
time="2024-10-20T03:07:56+05:30" level=info msg="RequestLog::" duration=1.9771ms errors= formData="map[]" ip="::1" method=POST queryParams="map[]" status=400 url=/admin/admin-login
time="2024-10-20T03:09:17+05:30" level=info msg="RequestLog::" duration=21.6019ms errors= formData="map[]" ip="::1" method=POST queryParams="map[]" status=500 url=/admin/admin-login
time="2024-10-20T03:09:57+05:30" level=info msg="RequestLog::" duration=2.0799ms errors= formData="map[]" ip="::1" method=POST queryParams="map[]" status=400 url=/admin/admin-login
time="2024-10-20T03:10:03+05:30" level=info msg="RequestLog::" duration=5.137ms errors= formData="map[]" ip="::1" method=POST queryParams="map[]" status=500 url=/admin/admin-login
time="2024-10-20T03:12:56+05:30" level=info msg="RequestLog::" duration=94.8695ms errors= formData="map[]" ip="::1" method=POST queryParams="map[]" status=200 url=/admin/admin-login
time="2024-10-20T03:13:44+05:30" level=info msg="RequestLog::" duration="962.1µs" errors= formData="map[]" ip="::1" method=POST queryParams="map[]" status=404 url=/admin/pasenger-list
time="2024-10-20T03:13:52+05:30" level=info msg="RequestLog::" duration=8.8094ms errors= formData="map[]" ip="::1" method=GET queryParams="map[]" status=500 url=/admin/pasenger-list
time="2024-10-20T03:13:52+05:30" level=info msg="RequestLog::" duration=11.3716ms errors= formData="map[]" ip="::1" method=GET queryParams="map[]" status=500 url=/admin/pasenger-list
time="2024-10-20T03:17:57+05:30" level=info msg="RequestLog::" duration=8.3517ms errors= formData="map[]" ip="::1" method=GET queryParams="map[]" status=500 url=/admin/pasenger-list
time="2024-10-20T03:17:57+05:30" level=info msg="RequestLog::" duration=12.9113ms errors= formData="map[]" ip="::1" method=GET queryParams="map[]" status=500 url=/admin/pasenger-list
time="2024-10-20T03:18:37+05:30" level=info msg="RequestLog::" duration=6.8359ms errors= formData="map[]" ip="::1" method=GET queryParams="map[]" status=200 url=/admin/pasenger-list
time="2024-10-20T03:18:37+05:30" level=info msg="RequestLog::" duration=10.5428ms errors= formData="map[]" ip="::1" method=GET queryParams="map[]" status=200 url=/admin/pasenger-list
time="2024-10-20T03:20:55+05:30" level=info msg="RequestLog::" duration=1.1754ms errors= formData="map[]" ip="::1" method=GET queryParams="map[]" status=401 url=/admin/pasenger-list
time="2024-10-20T03:21:21+05:30" level=info msg="RequestLog::" duration=5.1639ms errors= formData="map[]" ip="::1" method=GET queryParams="map[]" status=200 url=/admin/pasenger-list
time="2024-10-20T03:21:35+05:30" level=info msg="RequestLog::" duration=108.6745ms errors= formData="map[]" ip="::1" method=POST queryParams="map[]" status=200 url=/user/login
time="2024-10-20T03:21:54+05:30" level=info msg="RequestLog::" duration=4.3435ms errors= formData="map[]" ip="::1" method=GET queryParams="map[]" status=200 url=/admin/pasenger-list
time="2024-10-20T03:22:19+05:30" level=info msg="RequestLog::" duration=97.5119ms errors= formData="map[]" ip="::1" method=POST queryParams="map[]" status=200 url=/admin/admin-login
time="2024-10-20T03:22:34+05:30" level=info msg="RequestLog::" duration=3.6235ms errors= formData="map[]" ip="::1" method=GET queryParams="map[]" status=200 url=/admin/pasenger-list
time="2024-10-20T03:22:54+05:30" level=info msg="RequestLog::" duration=9.5526ms errors= formData="map[]" ip="::1" method=GET queryParams="map[]" status=200 url=/user/booking-list
time="2024-10-20T03:24:17+05:30" level=info msg="RequestLog::" duration=3.1217ms errors= formData="map[]" ip="::1" method=GET queryParams="map[]" status=200 url=/user/booking-list
time="2024-10-20T03:24:44+05:30" level=info msg="RequestLog::" duration=98.1402ms errors= formData="map[]" ip="::1" method=POST queryParams="map[]" status=200 url=/admin/admin-login
time="2024-10-20T03:24:57+05:30" level=info msg="RequestLog::" duration=11.1379ms errors= formData="map[]" ip="::1" method=GET queryParams="map[]" status=200 url=/admin/pasenger-list
time="2024-10-20T03:25:30+05:30" level=info msg="RequestLog::" duration=3.1358ms errors= formData="map[]" ip="::1" method=GET queryParams="map[]" status=200 url=/user/booking-list
time="2024-10-20T12:26:40+05:30" level=info msg="RequestLog::" duration=58.7289ms errors= formData="map[]" ip="::1" method=POST queryParams="map[]" status=200 url=/user/login
time="2024-10-20T12:27:27+05:30" level=info msg="RequestLog::" duration=7.8253ms errors= formData="map[]" ip="::1" method=POST queryParams="map[]" status=500 url=/user/booking
time="2024-10-20T12:39:36+05:30" level=info msg="RequestLog::" duration=6.1071145s errors= formData="map[]" ip="::1" method=POST queryParams="map[]" status=200 url=/user/booking
time="2024-10-20T12:54:04+05:30" level=info msg="RequestLog::" duration=1.3395379s errors= formData="map[]" ip="::1" method=POST queryParams="map[]" status=200 url=/user/booking
time="2024-10-20T12:58:57+05:30" level=info msg="RequestLog::" duration=2.0496187s errors= formData="map[]" ip="::1" method=POST queryParams="map[]" status=200 url=/user/booking
time="2024-10-20T13:01:08+05:30" level=info msg="RequestLog::" duration=2.084221s errors= formData="map[]" ip="::1" method=POST queryParams="map[]" status=200 url=/user/booking
time="2024-10-20T13:03:44+05:30" level=info msg="RequestLog::" duration=1.168265s errors= formData="map[]" ip="::1" method=POST queryParams="map[]" status=200 url=/user/booking
time="2024-10-20T13:08:32+05:30" level=info msg="RequestLog::" duration=2.0881644s errors= formData="map[]" ip="::1" method=POST queryParams="map[]" status=200 url=/user/booking
time="2024-10-20T13:10:26+05:30" level=info msg="RequestLog::" duration=2.0472275s errors= formData="map[]" ip="::1" method=POST queryParams="map[]" status=200 url=/user/booking
time="2024-10-20T13:16:24+05:30" level=info msg="RequestLog::" duration=5.0515505s errors= formData="map[]" ip="::1" method=POST queryParams="map[]" status=200 url=/user/booking
time="2024-10-20T13:21:03+05:30" level=info msg="RequestLog::" duration=5.3013418s errors= formData="map[]" ip="::1" method=POST queryParams="map[]" status=200 url=/user/booking
time="2024-10-20T13:26:20+05:30" level=info msg="RequestLog::" duration=4.9264082s errors= formData="map[]" ip="::1" method=POST queryParams="map[]" status=200 url=/user/booking
time="2024-10-20T13:35:42+05:30" level=info msg="RequestLog::" duration=5.2590602s errors= formData="map[]" ip="::1" method=POST queryParams="map[]" status=200 url=/user/booking
time="2024-10-20T13:39:19+05:30" level=info msg="RequestLog::" duration=6.4110737s errors= formData="map[]" ip="::1" method=POST queryParams="map[]" status=200 url=/user/booking
time="2024-10-20T13:46:57+05:30" level=info msg="RequestLog::" duration=6.0519119s errors= formData="map[]" ip="::1" method=POST queryParams="map[]" status=200 url=/user/booking
time="2024-10-20T13:49:23+05:30" level=info msg="RequestLog::" duration=6.4526398s errors= formData="map[]" ip="::1" method=POST queryParams="map[]" status=200 url=/user/booking
time="2024-10-20T13:57:31+05:30" level=info msg="RequestLog::" duration=6.3690562s errors= formData="map[]" ip="::1" method=POST queryParams="map[]" status=200 url=/user/booking
time="2024-10-20T14:08:09+05:30" level=info msg="RequestLog::" duration=6.6539567s errors= formData="map[]" ip="::1" method=POST queryParams="map[]" status=200 url=/user/booking
time="2024-10-20T14:49:31+05:30" level=info msg="RequestLog::" duration="767µs" errors= formData="map[]" ip="::1" method=POST queryParams="map[]" status=401 url=/user/forgot-passworrd
time="2024-10-20T14:50:13+05:30" level=info msg="RequestLog::" duration=1.4219ms errors= formData="map[]" ip="::1" method=POST queryParams="map[]" status=400 url=/user/forgot-passworrd
time="2024-10-20T14:50:36+05:30" level=info msg="RequestLog::" duration=3.1739698s errors= formData="map[]" ip="::1" method=POST queryParams="map[]" status=200 url=/user/forgot-passworrd
time="2024-10-20T14:55:22+05:30" level=info msg="RequestLog::" duration=2.4447ms errors= formData="map[]" ip="::1" method=POST queryParams="map[]" status=400 url=/user/forgot-passworrd
time="2024-10-20T14:55:31+05:30" level=info msg="RequestLog::" duration=3.167519s errors= formData="map[]" ip="::1" method=POST queryParams="map[]" status=200 url=/user/forgot-passworrd
time="2024-10-20T14:57:40+05:30" level=info msg="RequestLog::" duration=3.1968819s errors= formData="map[]" ip="::1" method=POST queryParams="map[]" status=200 url=/user/forgot-passworrd
time="2024-10-20T14:59:38+05:30" level=info msg="RequestLog::" duration=3.3283364s errors= formData="map[]" ip="::1" method=POST queryParams="map[]" status=200 url=/user/forgot-passworrd
time="2024-10-20T15:00:43+05:30" level=info msg="RequestLog::" duration=3.1586779s errors= formData="map[]" ip="::1" method=POST queryParams="map[]" status=200 url=/user/forgot-passworrd
time="2024-10-20T15:01:12+05:30" level=info msg="RequestLog::" duration=3.3912796s errors= formData="map[]" ip="::1" method=POST queryParams="map[]" status=200 url=/user/forgot-passworrd
time="2024-10-20T15:02:38+05:30" level=info msg="RequestLog::" duration=3.376359s errors= formData="map[]" ip="::1" method=POST queryParams="map[]" status=200 url=/user/forgot-passworrd
time="2024-10-20T15:06:40+05:30" level=info msg="RequestLog::" duration=3.3497577s errors= formData="map[]" ip="::1" method=POST queryParams="map[]" status=200 url=/user/forgot-passworrd
time="2024-10-20T15:19:35+05:30" level=info msg="RequestLog::" duration=7.9714ms errors= formData="map[]" ip="::1" method=POST queryParams="map[]" status=500 url=/user/validate-otp
time="2024-10-20T15:20:38+05:30" level=info msg="RequestLog::" duration=2.8237ms errors= formData="map[]" ip="::1" method=POST queryParams="map[]" status=200 url=/user/validate-otp
time="2024-10-20T15:21:07+05:30" level=info msg="RequestLog::" duration=5.7539ms errors= formData="map[]" ip="::1" method=POST queryParams="map[]" status=200 url=/user/validate-otp
time="2024-10-20T15:21:10+05:30" level=info msg="RequestLog::" duration=6.61ms errors= formData="map[]" ip="::1" method=POST queryParams="map[]" status=200 url=/user/validate-otp
time="2024-10-20T15:21:18+05:30" level=info msg="RequestLog::" duration=6.2078ms errors= formData="map[]" ip="::1" method=POST queryParams="map[]" status=500 url=/user/validate-otp
time="2024-10-20T15:21:25+05:30" level=info msg="RequestLog::" duration=1.5768ms errors= formData="map[]" ip="::1" method=POST queryParams="map[]" status=200 url=/user/validate-otp
time="2024-10-20T15:39:32+05:30" level=info msg="RequestLog::" duration=1.48ms errors= formData="map[]" ip="::1" method=GET queryParams="map[]" status=404 url=/user/reset-password
time="2024-10-20T15:39:38+05:30" level=info msg="RequestLog::" duration="820.9µs" errors= formData="map[]" ip="::1" method=POST queryParams="map[]" status=401 url=/user/reset-password
time="2024-10-20T15:40:04+05:30" level=info msg="RequestLog::" duration=2.1003ms errors= formData="map[]" ip="::1" method=POST queryParams="map[]" status=400 url=/user/reset-password
time="2024-10-20T15:40:42+05:30" level=info msg="RequestLog::" duration=69.4312ms errors= formData="map[]" ip="::1" method=POST queryParams="map[]" status=200 url=/user/reset-password
time="2024-10-20T16:18:11+05:30" level=info msg="RequestLog::" duration=112.1863ms errors= formData="map[]" ip="::1" method=POST queryParams="map[]" status=500 url=/user/login
time="2024-10-20T16:18:21+05:30" level=info msg="RequestLog::" duration=102.7253ms errors= formData="map[]" ip="::1" method=POST queryParams="map[]" status=200 url=/user/login
time="2024-10-20T16:20:13+05:30" level=info msg="RequestLog::" duration=6.6977429s errors= formData="map[]" ip="::1" method=POST queryParams="map[]" status=200 url=/user/booking
time="2024-10-20T17:43:02+05:30" level=info msg="RequestLog::" duration=37.8793ms errors= formData="map[]" ip="::1" method=POST queryParams="map[]" status=500 url=/user/login
time="2024-10-20T17:43:22+05:30" level=info msg="RequestLog::" duration=99.4588ms errors= formData="map[]" ip="::1" method=POST queryParams="map[]" status=200 url=/user/login
time="2024-10-20T17:44:26+05:30" level=info msg="RequestLog::" duration=3.2717469s errors= formData="map[]" ip="::1" method=POST queryParams="map[]" status=200 url=/user/forgot-passworrd
time="2024-10-20T17:44:52+05:30" level=info msg="RequestLog::" duration=5.3775ms errors= formData="map[]" ip="::1" method=POST queryParams="map[]" status=200 url=/user/validate-otp
time="2024-10-20T17:45:06+05:30" level=info msg="RequestLog::" duration=1.0317ms errors= formData="map[password_new:akashgharge@123]" ip="::1" method=POST queryParams="map[]" status=200 url=/user/reset-password
time="2024-10-20T17:56:49+05:30" level=info msg="RequestLog::" duration=119.467ms errors= formData="map[]" ip="::1" method=POST queryParams="map[]" status=200 url=/user/reset-password
time="2024-10-20T17:57:55+05:30" level=info msg="RequestLog::" duration=99.4636ms errors= formData="map[]" ip="::1" method=POST queryParams="map[]" status=200 url=/user/reset-password
time="2024-10-20T17:58:19+05:30" level=info msg="RequestLog::" duration=103.8888ms errors= formData="map[]" ip="::1" method=POST queryParams="map[]" status=200 url=/user/reset-password
time="2024-10-20T17:58:29+05:30" level=info msg="RequestLog::" duration=104.3038ms errors= formData="map[]" ip="::1" method=POST queryParams="map[]" status=500 url=/user/login
time="2024-10-20T17:58:39+05:30" level=info msg="RequestLog::" duration=93.154ms errors= formData="map[]" ip="::1" method=POST queryParams="map[]" status=200 url=/user/login
time="2024-10-20T18:18:17+05:30" level=info msg="RequestLog::" duration=103.0112ms errors= formData="map[]" ip="::1" method=POST queryParams="map[]" status=200 url=/user/login
time="2024-10-20T18:18:36+05:30" level=info msg="RequestLog::" duration=1.5913ms errors= formData="map[]" ip="::1" method=POST queryParams="map[]" status=400 url=/user/change-password
time="2024-10-20T18:19:28+05:30" level=info msg="RequestLog::" duration=9.6733ms errors= formData="map[]" ip="::1" method=POST queryParams="map[]" status=400 url=/user/change-password
time="2024-10-20T18:19:39+05:30" level=info msg="RequestLog::" duration=7.1971ms errors= formData="map[]" ip="::1" method=POST queryParams="map[]" status=400 url=/user/change-password
time="2024-10-20T18:21:58+05:30" level=info msg="RequestLog::" duration=97.3755ms errors= formData="map[]" ip="::1" method=POST queryParams="map[]" status=500 url=/user/change-password
time="2024-10-20T18:22:24+05:30" level=info msg="RequestLog::" duration=108.2192ms errors= formData="map[]" ip="::1" method=POST queryParams="map[]" status=500 url=/user/change-password
time="2024-10-20T18:23:48+05:30" level=info msg="RequestLog::" duration=95.6347ms errors= formData="map[]" ip="::1" method=POST queryParams="map[]" status=500 url=/user/change-password
time="2024-10-20T18:24:05+05:30" level=info msg="RequestLog::" duration=103.6269ms errors= formData="map[]" ip="::1" method=POST queryParams="map[]" status=400 url=/user/change-password
time="2024-10-20T18:25:30+05:30" level=info msg="RequestLog::" duration=196.8571ms errors= formData="map[]" ip="::1" method=POST queryParams="map[]" status=200 url=/user/change-password
time="2024-10-20T18:26:45+05:30" level=info msg="RequestLog::" duration=94.0704ms errors= formData="map[]" ip="::1" method=POST queryParams="map[]" status=500 url=/user/login
time="2024-10-20T18:26:53+05:30" level=info msg="RequestLog::" duration=96.0491ms errors= formData="map[]" ip="::1" method=POST queryParams="map[]" status=200 url=/user/login
time="2024-10-20T18:28:01+05:30" level=info msg="RequestLog::" duration=96.2577ms errors= formData="map[]" ip="::1" method=POST queryParams="map[]" status=200 url=/user/login
time="2024-10-20T18:28:12+05:30" level=info msg="RequestLog::" duration=1.8578ms errors= formData="map[]" ip="::1" method=POST queryParams="map[]" status=500 url=/user/change-password
time="2024-10-20T18:29:31+05:30" level=info msg="RequestLog::" duration="901.6µs" errors= formData="map[password_new:vaibhav@1234 password_old:vaibhav@123]" ip="::1" method=POST queryParams="map[]" status=401 url=/user/change-password
time="2024-10-20T18:29:42+05:30" level=info msg="RequestLog::" duration=6.9348ms errors= formData="map[]" ip="::1" method=POST queryParams="map[]" status=500 url=/user/change-password
time="2024-10-20T18:32:21+05:30" level=info msg="RequestLog::" duration=199.4957ms errors= formData="map[]" ip="::1" method=POST queryParams="map[]" status=200 url=/user/change-password
time="2024-10-20T18:32:33+05:30" level=info msg="RequestLog::" duration=99.354ms errors= formData="map[]" ip="::1" method=POST queryParams="map[]" status=500 url=/user/login
time="2024-10-20T18:32:45+05:30" level=info msg="RequestLog::" duration=99.906ms errors= formData="map[]" ip="::1" method=POST queryParams="map[]" status=200 url=/user/login
time="2024-10-20T18:44:51+05:30" level=info msg="RequestLog::" duration=110.8001ms errors= formData="map[]" ip="::1" method=POST queryParams="map[]" status=500 url=/user/change-password
time="2024-10-20T18:45:04+05:30" level=info msg="RequestLog::" duration=211.6792ms errors= formData="map[]" ip="::1" method=POST queryParams="map[]" status=200 url=/user/change-password
time="2024-10-21T23:18:01+05:30" level=info msg="RequestLog::" duration=10.1882ms errors= formData="map[]" ip="::1" method=POST queryParams="map[]" status=400 url=/user/registration
time="2024-10-21T23:18:15+05:30" level=info msg="RequestLog::" duration=3.8208ms errors= formData="map[]" ip="::1" method=POST queryParams="map[]" status=400 url=/user/registration
time="2024-10-21T23:19:10+05:30" level=info msg="RequestLog::" duration=2.1122ms errors= formData="map[]" ip="::1" method=POST queryParams="map[]" status=400 url=/user/registration
time="2024-10-21T23:19:59+05:30" level=info msg="RequestLog::" duration=147.8277ms errors= formData="map[]" ip="::1" method=POST queryParams="map[]" status=200 url=/user/registration
time="2024-10-21T23:20:19+05:30" level=info msg="RequestLog::" duration=6.1084ms errors= formData="map[]" ip="::1" method=POST queryParams="map[]" status=400 url=/user/login
time="2024-10-21T23:20:44+05:30" level=info msg="RequestLog::" duration=127.2237ms errors= formData="map[]" ip="::1" method=POST queryParams="map[]" status=500 url=/user/login
time="2024-10-21T23:20:50+05:30" level=info msg="RequestLog::" duration=117.4125ms errors= formData="map[]" ip="::1" method=POST queryParams="map[]" status=200 url=/user/login
time="2024-10-21T23:21:33+05:30" level=info msg="RequestLog::" duration=8.1314ms errors= formData="map[]" ip="::1" method=POST queryParams="map[]" status=401 url=/user/booking
time="2024-10-21T23:21:44+05:30" level=info msg="RequestLog::" duration=1.764ms errors= formData="map[]" ip="::1" method=POST queryParams="map[]" status=400 url=/user/booking
time="2024-10-21T23:24:06+05:30" level=info msg="RequestLog::" duration=11.2697ms errors= formData="map[]" ip="::1" method=POST queryParams="map[]" status=500 url=/user/booking
time="2024-10-21T23:29:04+05:30" level=info msg="RequestLog::" duration=134.0574ms errors= formData="map[]" ip="::1" method=POST queryParams="map[]" status=200 url=/admin/registration
time="2024-10-21T23:29:22+05:30" level=info msg="RequestLog::" duration=7.9862403s errors= formData="map[]" ip="::1" method=POST queryParams="map[]" status=200 url=/user/booking
time="2024-10-21T23:39:48+05:30" level=info msg="RequestLog::" duration=39.3919ms errors= formData="map[]" ip="::1" method=GET queryParams="map[]" status=401 url=/user/booking-list
time="2024-10-21T23:40:34+05:30" level=info msg="RequestLog::" duration=6.6679ms errors= formData="map[]" ip="::1" method=GET queryParams="map[]" status=200 url=/user/booking-list
time="2024-10-21T23:41:50+05:30" level=info msg="RequestLog::" duration=6.6061ms errors= formData="map[]" ip="::1" method=POST queryParams="map[]" status=500 url=/user/booling-delete/100
time="2024-10-21T23:43:40+05:30" level=info msg="RequestLog::" duration=138.2118ms errors= formData="map[]" ip="::1" method=POST queryParams="map[]" status=404 url=/user/booking-update/1
time="2024-10-21T23:43:46+05:30" level=info msg="RequestLog::" duration=5.4952ms errors= formData="map[]" ip="::1" method=POST queryParams="map[]" status=200 url=/user/booking-update/2
time="2024-10-21T23:45:27+05:30" level=info msg="RequestLog::" duration=4.6670588s errors= formData="map[]" ip="::1" method=POST queryParams="map[]" status=200 url=/user/forgot-passworrd
time="2024-10-21T23:45:43+05:30" level=info msg="RequestLog::" duration=4.2573363s errors= formData="map[]" ip="::1" method=POST queryParams="map[]" status=200 url=/user/forgot-passworrd
time="2024-10-21T23:46:19+05:30" level=info msg="RequestLog::" duration=2.1272ms errors= formData="map[]" ip="::1" method=POST queryParams="map[]" status=400 url=/user/validate-otp
time="2024-10-21T23:46:52+05:30" level=info msg="RequestLog::" duration=161.2322ms errors= formData="map[]" ip="::1" method=POST queryParams="map[]" status=200 url=/user/validate-otp
time="2024-10-21T23:48:25+05:30" level=info msg="RequestLog::" duration=0s errors= formData="map[password_new:akash@123]" ip="::1" method=POST queryParams="map[]" status=401 url=/user/reset-password
time="2024-10-21T23:48:59+05:30" level=info msg="RequestLog::" duration=152.8301ms errors= formData="map[]" ip="::1" method=POST queryParams="map[]" status=200 url=/user/reset-password
time="2024-10-21T23:50:41+05:30" level=info msg="RequestLog::" duration=195.1062ms errors= formData="map[]" ip="::1" method=POST queryParams="map[]" status=200 url=/user/reset-password
time="2024-10-21T23:53:50+05:30" level=info msg="RequestLog::" duration=269.544ms errors= formData="map[]" ip="::1" method=POST queryParams="map[]" status=500 url=/user/change-password
time="2024-10-21T23:54:27+05:30" level=info msg="RequestLog::" duration=297.0415ms errors= formData="map[]" ip="::1" method=POST queryParams="map[]" status=500 url=/user/change-password
time="2024-10-21T23:55:13+05:30" level=info msg="RequestLog::" duration=870.4542ms errors= formData="map[]" ip="::1" method=POST queryParams="map[]" status=200 url=/user/change-password
time="2024-10-21T23:55:28+05:30" level=info msg="RequestLog::" duration=171.156ms errors= formData="map[]" ip="::1" method=POST queryParams="map[]" status=500 url=/user/change-password
time="2024-10-21T23:55:43+05:30" level=info msg="RequestLog::" duration=195.6726ms errors= formData="map[]" ip="::1" method=POST queryParams="map[]" status=200 url=/user/login
time="2024-10-21T23:56:18+05:30" level=info msg="RequestLog::" duration=189.1113ms errors= formData="map[]" ip="::1" method=POST queryParams="map[]" status=500 url=/user/login
time="2024-10-21T23:57:37+05:30" level=info msg="RequestLog::" duration=3.7443ms errors= formData="map[]" ip="::1" method=POST queryParams="map[]" status=400 url=/user/login
time="2024-10-21T23:57:46+05:30" level=info msg="RequestLog::" duration=9.8583ms errors= formData="map[]" ip="::1" method=POST queryParams="map[]" status=500 url=/user/login
time="2024-10-21T23:58:48+05:30" level=info msg="RequestLog::" duration=0s errors= formData="map[email:karan@gmail.com password:karan@123]" ip="::1" method=POST queryParams="map[]" status=404 url=/admin/login
time="2024-10-21T23:59:17+05:30" level=info msg="RequestLog::" duration=615.2551ms errors= formData="map[]" ip="::1" method=POST queryParams="map[]" status=200 url=/admin/admin-login
time="2024-10-21T23:59:50+05:30" level=info msg="RequestLog::" duration=24.7601ms errors= formData="map[]" ip="::1" method=GET queryParams="map[]" status=404 url=/admin/passenger-list
time="2024-10-22T00:00:12+05:30" level=info msg="RequestLog::" duration=14.9458ms errors= formData="map[]" ip="::1" method=GET queryParams="map[]" status=404 url=/admin//pasenger-list
time="2024-10-22T00:00:45+05:30" level=info msg="RequestLog::" duration=2.1995ms errors= formData="map[]" ip="::1" method=GET queryParams="map[]" status=401 url=/admin/pasenger-list
time="2024-10-22T00:01:24+05:30" level=info msg="RequestLog::" duration=4.7508ms errors= formData="map[]" ip="::1" method=GET queryParams="map[]" status=200 url=/admin/pasenger-list
time="2024-10-22T00:02:27+05:30" level=info msg="RequestLog::" duration=141.3048ms errors= formData="map[]" ip="::1" method=POST queryParams="map[]" status=200 url=/user/registration
time="2024-10-22T00:02:44+05:30" level=info msg="RequestLog::" duration=128.8765ms errors= formData="map[]" ip="::1" method=POST queryParams="map[]" status=200 url=/user/login
time="2024-10-22T00:04:04+05:30" level=info msg="RequestLog::" duration=9.1705323s errors= formData="map[]" ip="::1" method=POST queryParams="map[]" status=200 url=/user/booking
time="2024-10-22T00:04:27+05:30" level=info msg="RequestLog::" duration=4.6843ms errors= formData="map[]" ip="::1" method=GET queryParams="map[]" status=200 url=/user/booking-list
time="2024-10-22T00:17:41+05:30" level=info msg="RequestLog::" duration=3.6078ms errors= formData="map[]" ip="::1" method=GET queryParams="map[]" status=400 url=/user/booking-list
time="2024-10-22T00:25:58+05:30" level=info msg="RequestLog::" duration=221.6786ms errors= formData="map[]" ip="::1" method=GET queryParams="map[]" status=200 url=/user/booking-list
time="2024-10-22T00:26:28+05:30" level=info msg="RequestLog::" duration=4.7062ms errors= formData="map[]" ip="::1" method=GET queryParams="map[]" status=200 url=/admin/pasenger-list
