{
  "file": "D:/go_task/bus_booking/utils/loggers_utils.go:40",
  "func": "akash-project-go/utils.InitializeLogger",
  "level": "debug",
  "msg": "logFileName: 2024-10-19.log",
  "time": "2024-10-19 16:18:43"
}
[GIN-debug] [WARNING] Creating an Engine instance with the Logger and Recovery middleware already attached.

[GIN-debug] [WARNING] Running in "debug" mode. Switch to "release" mode in production.
 - using env:	export GIN_MODE=release
 - using code:	gin.SetMode(gin.ReleaseMode)

[GIN-debug] [WARNING] You trusted all proxies, this is NOT safe. We recommend you to set a value.
Please check https://pkg.go.dev/github.com/gin-gonic/gin#readme-don-t-trust-all-proxies for details.
[GIN-debug] Listening and serving HTTP on :0507
{
  "file": "D:/go_task/bus_booking/utils/loggers_utils.go:40",
  "func": "akash-project-go/utils.InitializeLogger",
  "level": "debug",
  "msg": "logFileName: 2024-10-19.log",
  "time": "2024-10-19 16:24:47"
}
[GIN-debug] [WARNING] Creating an Engine instance with the Logger and Recovery middleware already attached.

[GIN-debug] [WARNING] Running in "debug" mode. Switch to "release" mode in production.
 - using env:	export GIN_MODE=release
 - using code:	gin.SetMode(gin.ReleaseMode)

[GIN-debug] POST   /user/registration        --> akash-project-go/controllers.UserRegistration (5 handlers)
[GIN-debug] POST   /user/login               --> akash-project-go/controllers.UserLoginRequest (5 handlers)
[GIN-debug] [WARNING] You trusted all proxies, this is NOT safe. We recommend you to set a value.
Please check https://pkg.go.dev/github.com/gin-gonic/gin#readme-don-t-trust-all-proxies for details.
[GIN-debug] Listening and serving HTTP on :0507
{
  "file": "D:/go_task/bus_booking/controllers/user_controller.go:24",
  "func": "akash-project-go/controllers.UserRegistration",
  "level": "error",
  "msg": "Failed to bind request body: EOF",
  "time": "2024-10-19 16:26:47"
}
[GIN] 2024/10/19 - 16:26:47 | 400 |      2.8552ms |             ::1 | POST     "/user/registration"
{
  "file": "D:/go_task/bus_booking/controllers/user_controller.go:24",
  "func": "akash-project-go/controllers.UserRegistration",
  "level": "error",
  "msg": "Failed to bind request body: Key: 'UserRequest.Name' Error:Field validation for 'Name' failed on the 'required' tag\nKey: 'UserRequest.Email' Error:Field validation for 'Email' failed on the 'required' tag\nKey: 'UserRequest.Password' Error:Field validation for 'Password' failed on the 'required' tag\nKey: 'UserRequest.MobileNo' Error:Field validation for 'MobileNo' failed on the 'required' tag",
  "time": "2024-10-19 16:27:15"
}
[GIN] 2024/10/19 - 16:27:15 | 400 |      4.3677ms |             ::1 | POST     "/user/registration"
{
  "file": "D:/go_task/bus_booking/controllers/user_controller.go:24",
  "func": "akash-project-go/controllers.UserRegistration",
  "level": "error",
  "msg": "Failed to bind request body: Key: 'UserRequest.Name' Error:Field validation for 'Name' failed on the 'required' tag\nKey: 'UserRequest.Email' Error:Field validation for 'Email' failed on the 'required' tag\nKey: 'UserRequest.Password' Error:Field validation for 'Password' failed on the 'required' tag\nKey: 'UserRequest.MobileNo' Error:Field validation for 'MobileNo' failed on the 'required' tag",
  "time": "2024-10-19 16:28:22"
}
[GIN] 2024/10/19 - 16:28:22 | 400 |      2.2936ms |             ::1 | POST     "/user/registration"
{
  "file": "D:/go_task/bus_booking/controllers/user_controller.go:24",
  "func": "akash-project-go/controllers.UserRegistration",
  "level": "error",
  "msg": "Failed to bind request body: Key: 'UserRequest.Name' Error:Field validation for 'Name' failed on the 'required' tag\nKey: 'UserRequest.Email' Error:Field validation for 'Email' failed on the 'required' tag\nKey: 'UserRequest.Password' Error:Field validation for 'Password' failed on the 'required' tag\nKey: 'UserRequest.MobileNo' Error:Field validation for 'MobileNo' failed on the 'required' tag",
  "time": "2024-10-19 16:29:51"
}
[GIN] 2024/10/19 - 16:29:51 | 400 |      2.7611ms |             ::1 | POST     "/user/registration"
{
  "file": "D:/go_task/bus_booking/utils/loggers_utils.go:40",
  "func": "akash-project-go/utils.InitializeLogger",
  "level": "debug",
  "msg": "logFileName: 2024-10-19.log",
  "time": "2024-10-19 16:31:31"
}
[GIN-debug] [WARNING] Creating an Engine instance with the Logger and Recovery middleware already attached.

[GIN-debug] [WARNING] Running in "debug" mode. Switch to "release" mode in production.
 - using env:	export GIN_MODE=release
 - using code:	gin.SetMode(gin.ReleaseMode)

[GIN-debug] POST   /user/registration        --> akash-project-go/controllers.UserRegistration (5 handlers)
[GIN-debug] POST   /user/login               --> akash-project-go/controllers.UserLoginRequest (5 handlers)
[GIN-debug] [WARNING] You trusted all proxies, this is NOT safe. We recommend you to set a value.
Please check https://pkg.go.dev/github.com/gin-gonic/gin#readme-don-t-trust-all-proxies for details.
[GIN-debug] Listening and serving HTTP on :0507
{
  "file": "D:/go_task/bus_booking/controllers/user_controller.go:24",
  "func": "akash-project-go/controllers.UserRegistration",
  "level": "error",
  "msg": "Failed to bind request body: Key: 'UserRequest.Name' Error:Field validation for 'Name' failed on the 'required' tag\nKey: 'UserRequest.Email' Error:Field validation for 'Email' failed on the 'required' tag\nKey: 'UserRequest.Password' Error:Field validation for 'Password' failed on the 'required' tag\nKey: 'UserRequest.MobileNo' Error:Field validation for 'MobileNo' failed on the 'required' tag",
  "time": "2024-10-19 16:31:34"
}
[GIN] 2024/10/19 - 16:31:34 | 400 |     15.9266ms |             ::1 | POST     "/user/registration"
{
  "file": "D:/go_task/bus_booking/utils/loggers_utils.go:40",
  "func": "akash-project-go/utils.InitializeLogger",
  "level": "debug",
  "msg": "logFileName: 2024-10-19.log",
  "time": "2024-10-19 16:36:12"
}
[GIN-debug] [WARNING] Creating an Engine instance with the Logger and Recovery middleware already attached.

[GIN-debug] [WARNING] Running in "debug" mode. Switch to "release" mode in production.
 - using env:	export GIN_MODE=release
 - using code:	gin.SetMode(gin.ReleaseMode)

[GIN-debug] POST   /user/registration        --> akash-project-go/controllers.UserRegistration (5 handlers)
[GIN-debug] POST   /user/login               --> akash-project-go/controllers.UserLoginRequest (5 handlers)
[GIN-debug] [WARNING] You trusted all proxies, this is NOT safe. We recommend you to set a value.
Please check https://pkg.go.dev/github.com/gin-gonic/gin#readme-don-t-trust-all-proxies for details.
[GIN-debug] Listening and serving HTTP on :0507
{
  "file": "D:/go_task/bus_booking/controllers/user_controller.go:24",
  "func": "akash-project-go/controllers.UserRegistration",
  "level": "error",
  "msg": "Failed to bind request body: Key: 'UserRequest.Name' Error:Field validation for 'Name' failed on the 'required' tag\nKey: 'UserRequest.Email' Error:Field validation for 'Email' failed on the 'required' tag\nKey: 'UserRequest.Password' Error:Field validation for 'Password' failed on the 'required' tag\nKey: 'UserRequest.MobileNo' Error:Field validation for 'MobileNo' failed on the 'required' tag",
  "time": "2024-10-19 16:36:18"
}
[GIN] 2024/10/19 - 16:36:18 | 400 |      3.6917ms |             ::1 | POST     "/user/registration"
{
  "file": "D:/go_task/bus_booking/controllers/user_controller.go:24",
  "func": "akash-project-go/controllers.UserRegistration",
  "level": "error",
  "msg": "Failed to bind request body: Key: 'UserRequest.Name' Error:Field validation for 'Name' failed on the 'required' tag\nKey: 'UserRequest.Email' Error:Field validation for 'Email' failed on the 'required' tag\nKey: 'UserRequest.Password' Error:Field validation for 'Password' failed on the 'required' tag\nKey: 'UserRequest.MobileNo' Error:Field validation for 'MobileNo' failed on the 'required' tag",
  "time": "2024-10-19 16:38:15"
}
[GIN] 2024/10/19 - 16:38:15 | 400 |      3.2359ms |             ::1 | POST     "/user/registration"
{
  "file": "D:/go_task/bus_booking/utils/loggers_utils.go:40",
  "func": "akash-project-go/utils.InitializeLogger",
  "level": "debug",
  "msg": "logFileName: 2024-10-19.log",
  "time": "2024-10-19 16:40:37"
}
[GIN-debug] [WARNING] Creating an Engine instance with the Logger and Recovery middleware already attached.

[GIN-debug] [WARNING] Running in "debug" mode. Switch to "release" mode in production.
 - using env:	export GIN_MODE=release
 - using code:	gin.SetMode(gin.ReleaseMode)

[GIN-debug] POST   /user/registration        --> akash-project-go/controllers.UserRegistration (5 handlers)
[GIN-debug] POST   /user/login               --> akash-project-go/controllers.UserLoginRequest (5 handlers)
[GIN-debug] [WARNING] You trusted all proxies, this is NOT safe. We recommend you to set a value.
Please check https://pkg.go.dev/github.com/gin-gonic/gin#readme-don-t-trust-all-proxies for details.
[GIN-debug] Listening and serving HTTP on :0507
[GIN] 2024/10/19 - 16:40:58 | 200 |    141.6116ms |             ::1 | POST     "/user/registration"
{
  "file": "D:/go_task/bus_booking/utils/loggers_utils.go:40",
  "func": "akash-project-go/utils.InitializeLogger",
  "level": "debug",
  "msg": "logFileName: 2024-10-19.log",
  "time": "2024-10-19 16:43:26"
}
[GIN-debug] [WARNING] Creating an Engine instance with the Logger and Recovery middleware already attached.

[GIN-debug] [WARNING] Running in "debug" mode. Switch to "release" mode in production.
 - using env:	export GIN_MODE=release
 - using code:	gin.SetMode(gin.ReleaseMode)

[GIN-debug] POST   /user/registration        --> akash-project-go/controllers.UserRegistration (5 handlers)
[GIN-debug] POST   /user/login               --> akash-project-go/controllers.UserLoginRequest (5 handlers)
[GIN-debug] [WARNING] You trusted all proxies, this is NOT safe. We recommend you to set a value.
Please check https://pkg.go.dev/github.com/gin-gonic/gin#readme-don-t-trust-all-proxies for details.
[GIN-debug] Listening and serving HTTP on :0507
{
  "file": "D:/go_task/bus_booking/controllers/user_controller.go:46",
  "func": "akash-project-go/controllers.UserRegistration",
  "level": "error",
  "msg": "Failed to Create client detail",
  "time": "2024-10-19 16:43:33"
}
[GIN] 2024/10/19 - 16:43:33 | 500 |    118.5895ms |             ::1 | POST     "/user/registration"
[GIN] 2024/10/19 - 16:44:09 | 200 |    108.4887ms |             ::1 | POST     "/user/registration"
{
  "file": "D:/go_task/bus_booking/utils/loggers_utils.go:40",
  "func": "akash-project-go/utils.InitializeLogger",
  "level": "debug",
  "msg": "logFileName: 2024-10-19.log",
  "time": "2024-10-19 16:48:36"
}
[GIN-debug] [WARNING] Creating an Engine instance with the Logger and Recovery middleware already attached.

[GIN-debug] [WARNING] Running in "debug" mode. Switch to "release" mode in production.
 - using env:	export GIN_MODE=release
 - using code:	gin.SetMode(gin.ReleaseMode)

[GIN-debug] POST   /user/registration        --> akash-project-go/controllers.UserRegistration (5 handlers)
[GIN-debug] POST   /user/login               --> akash-project-go/controllers.UserLoginRequest (5 handlers)
[GIN-debug] [WARNING] You trusted all proxies, this is NOT safe. We recommend you to set a value.
Please check https://pkg.go.dev/github.com/gin-gonic/gin#readme-don-t-trust-all-proxies for details.
[GIN-debug] Listening and serving HTTP on :0507
[GIN] 2024/10/19 - 16:49:07 | 200 |    104.7152ms |             ::1 | POST     "/user/registration"
{
  "file": "D:/go_task/bus_booking/utils/loggers_utils.go:40",
  "func": "akash-project-go/utils.InitializeLogger",
  "level": "debug",
  "msg": "logFileName: 2024-10-19.log",
  "time": "2024-10-19 16:53:47"
}
[GIN-debug] [WARNING] Creating an Engine instance with the Logger and Recovery middleware already attached.

[GIN-debug] [WARNING] Running in "debug" mode. Switch to "release" mode in production.
 - using env:	export GIN_MODE=release
 - using code:	gin.SetMode(gin.ReleaseMode)

[GIN-debug] POST   /user/registration        --> akash-project-go/controllers.UserRegistration (5 handlers)
[GIN-debug] POST   /user/login               --> akash-project-go/controllers.UserLoginRequest (5 handlers)
[GIN-debug] [WARNING] You trusted all proxies, this is NOT safe. We recommend you to set a value.
Please check https://pkg.go.dev/github.com/gin-gonic/gin#readme-don-t-trust-all-proxies for details.
[GIN-debug] Listening and serving HTTP on :0507
[GIN] 2024/10/19 - 16:55:06 | 200 |    104.9009ms |             ::1 | POST     "/user/registration"
{
  "file": "D:/go_task/bus_booking/utils/loggers_utils.go:40",
  "func": "akash-project-go/utils.InitializeLogger",
  "level": "debug",
  "msg": "logFileName: 2024-10-19.log",
  "time": "2024-10-19 16:56:14"
}
[GIN-debug] [WARNING] Creating an Engine instance with the Logger and Recovery middleware already attached.

[GIN-debug] [WARNING] Running in "debug" mode. Switch to "release" mode in production.
 - using env:	export GIN_MODE=release
 - using code:	gin.SetMode(gin.ReleaseMode)

[GIN-debug] POST   /user/registration        --> akash-project-go/controllers.UserRegistration (5 handlers)
[GIN-debug] POST   /user/login               --> akash-project-go/controllers.UserLoginRequest (5 handlers)
[GIN-debug] [WARNING] You trusted all proxies, this is NOT safe. We recommend you to set a value.
Please check https://pkg.go.dev/github.com/gin-gonic/gin#readme-don-t-trust-all-proxies for details.
[GIN-debug] Listening and serving HTTP on :0507
[GIN] 2024/10/19 - 16:56:51 | 200 |    106.8667ms |             ::1 | POST     "/user/registration"
[GIN] 2024/10/19 - 16:59:43 | 404 |      3.9597ms |             ::1 | GET      "/user/login"
{
  "file": "D:/go_task/bus_booking/controllers/user_controller.go:67",
  "func": "akash-project-go/controllers.UserLoginRequest",
  "level": "error",
  "msg": "Failed to bind request body: EOF",
  "time": "2024-10-19 16:59:50"
}
[GIN] 2024/10/19 - 16:59:50 | 400 |      2.2461ms |             ::1 | POST     "/user/login"
[GIN] 2024/10/19 - 17:00:40 | 200 |    109.8111ms |             ::1 | POST     "/user/login"
{
  "file": "D:/go_task/bus_booking/controllers/user_controller.go:84",
  "func": "akash-project-go/controllers.UserLoginRequest",
  "level": "error",
  "msg": "Invalide Password",
  "time": "2024-10-19 17:00:48"
}
[GIN] 2024/10/19 - 17:00:48 | 500 |    102.5656ms |             ::1 | POST     "/user/login"
{
  "file": "D:/go_task/bus_booking/controllers/user_controller.go:78",
  "func": "akash-project-go/controllers.UserLoginRequest",
  "level": "error",
  "msg": "Invalide email address",
  "time": "2024-10-19 17:01:39"
}
[GIN] 2024/10/19 - 17:01:39 | 500 |      7.7673ms |             ::1 | POST     "/user/login"
[GIN] 2024/10/19 - 17:01:47 | 200 |    101.6451ms |             ::1 | POST     "/user/login"
{
  "file": "D:/go_task/bus_booking/utils/loggers_utils.go:40",
  "func": "akash-project-go/utils.InitializeLogger",
  "level": "debug",
  "msg": "logFileName: 2024-10-19.log",
  "time": "2024-10-19 17:10:57"
}
[GIN-debug] [WARNING] Creating an Engine instance with the Logger and Recovery middleware already attached.

[GIN-debug] [WARNING] Running in "debug" mode. Switch to "release" mode in production.
 - using env:	export GIN_MODE=release
 - using code:	gin.SetMode(gin.ReleaseMode)

[GIN-debug] POST   /user/registration        --> akash-project-go/controllers.UserRegistration (5 handlers)
[GIN-debug] POST   /user/login               --> akash-project-go/controllers.UserLoginRequest (5 handlers)
[GIN-debug] [WARNING] You trusted all proxies, this is NOT safe. We recommend you to set a value.
Please check https://pkg.go.dev/github.com/gin-gonic/gin#readme-don-t-trust-all-proxies for details.
[GIN-debug] Listening and serving HTTP on :0507
{
  "file": "D:/go_task/bus_booking/controllers/user_controller.go:24",
  "func": "akash-project-go/controllers.UserRegistration",
  "level": "error",
  "msg": "Failed to bind request body: Key: 'UserDetail.Name' Error:Field validation for 'Name' failed on the 'required' tag\nKey: 'UserDetail.Email' Error:Field validation for 'Email' failed on the 'required' tag\nKey: 'UserDetail.Password' Error:Field validation for 'Password' failed on the 'required' tag\nKey: 'UserDetail.MobileNo' Error:Field validation for 'MobileNo' failed on the 'required' tag",
  "time": "2024-10-19 17:11:13"
}
[GIN] 2024/10/19 - 17:11:13 | 400 |      4.1985ms |             ::1 | POST     "/user/registration"
{
  "file": "D:/go_task/bus_booking/controllers/user_controller.go:39",
  "func": "akash-project-go/controllers.UserRegistration",
  "level": "error",
  "msg": "Failed to Create client detail",
  "time": "2024-10-19 17:11:18"
}
[GIN] 2024/10/19 - 17:11:18 | 500 |    111.3424ms |             ::1 | POST     "/user/registration"
[GIN] 2024/10/19 - 17:11:45 | 200 |    100.0018ms |             ::1 | POST     "/user/registration"
{
  "file": "D:/go_task/bus_booking/utils/loggers_utils.go:40",
  "func": "akash-project-go/utils.InitializeLogger",
  "level": "debug",
  "msg": "logFileName: 2024-10-19.log",
  "time": "2024-10-19 17:13:15"
}
[GIN-debug] [WARNING] Creating an Engine instance with the Logger and Recovery middleware already attached.

[GIN-debug] [WARNING] Running in "debug" mode. Switch to "release" mode in production.
 - using env:	export GIN_MODE=release
 - using code:	gin.SetMode(gin.ReleaseMode)

[GIN-debug] POST   /user/registration        --> akash-project-go/controllers.UserRegistration (5 handlers)
[GIN-debug] POST   /user/login               --> akash-project-go/controllers.UserLoginRequest (5 handlers)
[GIN-debug] [WARNING] You trusted all proxies, this is NOT safe. We recommend you to set a value.
Please check https://pkg.go.dev/github.com/gin-gonic/gin#readme-don-t-trust-all-proxies for details.
[GIN-debug] Listening and serving HTTP on :0507
[GIN] 2024/10/19 - 17:13:40 | 200 |    101.3614ms |             ::1 | POST     "/user/registration"
{
  "file": "D:/go_task/bus_booking/utils/loggers_utils.go:40",
  "func": "akash-project-go/utils.InitializeLogger",
  "level": "debug",
  "msg": "logFileName: 2024-10-19.log",
  "time": "2024-10-19 18:19:19"
}
[GIN-debug] [WARNING] Creating an Engine instance with the Logger and Recovery middleware already attached.

[GIN-debug] [WARNING] Running in "debug" mode. Switch to "release" mode in production.
 - using env:	export GIN_MODE=release
 - using code:	gin.SetMode(gin.ReleaseMode)

[GIN-debug] POST   /user/registration        --> akash-project-go/controllers.UserRegistration (5 handlers)
[GIN-debug] POST   /user/login               --> akash-project-go/controllers.UserLoginRequest (5 handlers)
[GIN-debug] POST   /user/booking             --> akash-project-go/controllers.UserBookingBus (6 handlers)
[GIN-debug] [WARNING] You trusted all proxies, this is NOT safe. We recommend you to set a value.
Please check https://pkg.go.dev/github.com/gin-gonic/gin#readme-don-t-trust-all-proxies for details.
[GIN-debug] Listening and serving HTTP on :0507
[GIN] 2024/10/19 - 18:19:41 | 200 |     99.8573ms |             ::1 | POST     "/user/login"
[GIN] 2024/10/19 - 18:20:34 | 401 |      3.2151ms |             ::1 | POST     "/user/booking"
{
  "file": "D:/go_task/bus_booking/controllers/booking_user_controller.go:23",
  "func": "akash-project-go/controllers.UserBookingBus",
  "level": "error",
  "msg": "Failed to bind request body: EOF",
  "time": "2024-10-19 18:20:57"
}
[GIN] 2024/10/19 - 18:20:57 | 400 |      2.2935ms |             ::1 | POST     "/user/booking"
{
  "file": "D:/go_task/bus_booking/controllers/booking_user_controller.go:23",
  "func": "akash-project-go/controllers.UserBookingBus",
  "level": "error",
  "msg": "Failed to bind request body: Key: 'BookingBus.PassengerName' Error:Field validation for 'PassengerName' failed on the 'required' tag\nKey: 'BookingBus.Gender' Error:Field validation for 'Gender' failed on the 'required' tag\nKey: 'BookingBus.BusType' Error:Field validation for 'BusType' failed on the 'required' tag\nKey: 'BookingBus.BookingDate' Error:Field validation for 'BookingDate' failed on the 'required' tag\nKey: 'BookingBus.Location' Error:Field validation for 'Location' failed on the 'required' tag\nKey: 'BookingBus.Destination' Error:Field validation for 'Destination' failed on the 'required' tag\nKey: 'BookingBus.UserId.Name' Error:Field validation for 'Name' failed on the 'required' tag\nKey: 'BookingBus.UserId.Email' Error:Field validation for 'Email' failed on the 'required' tag\nKey: 'BookingBus.UserId.Password' Error:Field validation for 'Password' failed on the 'required' tag\nKey: 'BookingBus.UserId.MobileNo' Error:Field validation for 'MobileNo' failed on the 'required' tag",
  "time": "2024-10-19 18:21:13"
}
[GIN] 2024/10/19 - 18:21:13 | 400 |      3.7526ms |             ::1 | POST     "/user/booking"
{
  "file": "D:/go_task/bus_booking/utils/loggers_utils.go:40",
  "func": "akash-project-go/utils.InitializeLogger",
  "level": "debug",
  "msg": "logFileName: 2024-10-19.log",
  "time": "2024-10-19 19:18:32"
}
[GIN-debug] [WARNING] Creating an Engine instance with the Logger and Recovery middleware already attached.

[GIN-debug] [WARNING] Running in "debug" mode. Switch to "release" mode in production.
 - using env:	export GIN_MODE=release
 - using code:	gin.SetMode(gin.ReleaseMode)

[GIN-debug] POST   /user/registration        --> akash-project-go/controllers.UserRegistration (5 handlers)
[GIN-debug] POST   /user/login               --> akash-project-go/controllers.UserLoginRequest (5 handlers)
[GIN-debug] POST   /user/booking             --> akash-project-go/controllers.UserBookingBus (6 handlers)
[GIN-debug] [WARNING] You trusted all proxies, this is NOT safe. We recommend you to set a value.
Please check https://pkg.go.dev/github.com/gin-gonic/gin#readme-don-t-trust-all-proxies for details.
[GIN-debug] Listening and serving HTTP on :0507
{
  "file": "D:/go_task/bus_booking/controllers/user_controller.go:71",
  "func": "akash-project-go/controllers.UserLoginRequest",
  "level": "error",
  "msg": "Invalide email address",
  "time": "2024-10-19 19:18:49"
}
[GIN] 2024/10/19 - 19:18:49 | 500 |      5.0624ms |             ::1 | POST     "/user/login"
[GIN] 2024/10/19 - 19:18:58 | 200 |      60.147ms |             ::1 | POST     "/user/login"
{
  "file": "D:/go_task/bus_booking/controllers/booking_user_controller.go:22",
  "func": "akash-project-go/controllers.UserBookingBus",
  "level": "error",
  "msg": "Failed to bind request body: parsing time \"2024-10-20\" as \"2006-01-02T15:04:05Z07:00\": cannot parse \"\" as \"T\"",
  "time": "2024-10-19 19:21:05"
}
[GIN] 2024/10/19 - 19:21:05 | 400 |      2.5858ms |             ::1 | POST     "/user/booking"
{
  "file": "D:/go_task/bus_booking/controllers/booking_user_controller.go:22",
  "func": "akash-project-go/controllers.UserBookingBus",
  "level": "error",
  "msg": "Failed to bind request body: parsing time \"2024/10/20\" as \"2006-01-02T15:04:05Z07:00\": cannot parse \"/10/20\" as \"-\"",
  "time": "2024-10-19 19:23:22"
}
[GIN] 2024/10/19 - 19:23:22 | 400 |      1.6711ms |             ::1 | POST     "/user/booking"
{
  "file": "D:/go_task/bus_booking/utils/loggers_utils.go:40",
  "func": "akash-project-go/utils.InitializeLogger",
  "level": "debug",
  "msg": "logFileName: 2024-10-19.log",
  "time": "2024-10-19 19:25:02"
}
[GIN-debug] [WARNING] Creating an Engine instance with the Logger and Recovery middleware already attached.

[GIN-debug] [WARNING] Running in "debug" mode. Switch to "release" mode in production.
 - using env:	export GIN_MODE=release
 - using code:	gin.SetMode(gin.ReleaseMode)

[GIN-debug] POST   /user/registration        --> akash-project-go/controllers.UserRegistration (5 handlers)
[GIN-debug] POST   /user/login               --> akash-project-go/controllers.UserLoginRequest (5 handlers)
[GIN-debug] POST   /user/booking             --> akash-project-go/controllers.UserBookingBus (6 handlers)
[GIN-debug] [WARNING] You trusted all proxies, this is NOT safe. We recommend you to set a value.
Please check https://pkg.go.dev/github.com/gin-gonic/gin#readme-don-t-trust-all-proxies for details.
[GIN-debug] Listening and serving HTTP on :0507
{
  "file": "D:/go_task/bus_booking/controllers/booking_user_controller.go:22",
  "func": "akash-project-go/controllers.UserBookingBus",
  "level": "error",
  "msg": "Failed to bind request body: parsing time \"2024-10-20\" as \"2006-01-02T15:04:05Z07:00\": cannot parse \"\" as \"T\"",
  "time": "2024-10-19 19:25:12"
}
[GIN] 2024/10/19 - 19:25:12 | 400 |      2.3995ms |             ::1 | POST     "/user/booking"
{
  "file": "D:/go_task/bus_booking/utils/loggers_utils.go:40",
  "func": "akash-project-go/utils.InitializeLogger",
  "level": "debug",
  "msg": "logFileName: 2024-10-19.log",
  "time": "2024-10-19 19:52:35"
}
[GIN-debug] [WARNING] Creating an Engine instance with the Logger and Recovery middleware already attached.

[GIN-debug] [WARNING] Running in "debug" mode. Switch to "release" mode in production.
 - using env:	export GIN_MODE=release
 - using code:	gin.SetMode(gin.ReleaseMode)

[GIN-debug] POST   /user/registration        --> akash-project-go/controllers.UserRegistration (5 handlers)
[GIN-debug] POST   /user/login               --> akash-project-go/controllers.UserLoginRequest (5 handlers)
[GIN-debug] POST   /user/booking             --> akash-project-go/controllers.UserBookingBus (6 handlers)
[GIN-debug] [WARNING] You trusted all proxies, this is NOT safe. We recommend you to set a value.
Please check https://pkg.go.dev/github.com/gin-gonic/gin#readme-don-t-trust-all-proxies for details.
[GIN-debug] Listening and serving HTTP on :0507
{
  "file": "D:/go_task/bus_booking/utils/loggers_utils.go:40",
  "func": "akash-project-go/utils.InitializeLogger",
  "level": "debug",
  "msg": "logFileName: 2024-10-19.log",
  "time": "2024-10-19 19:53:07"
}
[GIN-debug] [WARNING] Creating an Engine instance with the Logger and Recovery middleware already attached.

[GIN-debug] [WARNING] Running in "debug" mode. Switch to "release" mode in production.
 - using env:	export GIN_MODE=release
 - using code:	gin.SetMode(gin.ReleaseMode)

[GIN-debug] POST   /user/registration        --> akash-project-go/controllers.UserRegistration (5 handlers)
[GIN-debug] POST   /user/login               --> akash-project-go/controllers.UserLoginRequest (5 handlers)
[GIN-debug] POST   /user/booking             --> akash-project-go/controllers.UserBookingBus (6 handlers)
[GIN-debug] [WARNING] You trusted all proxies, this is NOT safe. We recommend you to set a value.
Please check https://pkg.go.dev/github.com/gin-gonic/gin#readme-don-t-trust-all-proxies for details.
[GIN-debug] Listening and serving HTTP on :0507
{
  "file": "D:/go_task/bus_booking/controllers/booking_user_controller.go:22",
  "func": "akash-project-go/controllers.UserBookingBus",
  "level": "error",
  "msg": "Failed to bind request body: json: cannot unmarshal string into Go struct field BookingBus.booking_date of type models.dateString",
  "time": "2024-10-19 19:53:16"
}
[GIN] 2024/10/19 - 19:53:16 | 400 |      2.9214ms |             ::1 | POST     "/user/booking"
{
  "file": "D:/go_task/bus_booking/utils/loggers_utils.go:40",
  "func": "akash-project-go/utils.InitializeLogger",
  "level": "debug",
  "msg": "logFileName: 2024-10-19.log",
  "time": "2024-10-19 20:01:22"
}
[GIN-debug] [WARNING] Creating an Engine instance with the Logger and Recovery middleware already attached.

[GIN-debug] [WARNING] Running in "debug" mode. Switch to "release" mode in production.
 - using env:	export GIN_MODE=release
 - using code:	gin.SetMode(gin.ReleaseMode)

[GIN-debug] POST   /user/registration        --> akash-project-go/controllers.UserRegistration (5 handlers)
[GIN-debug] POST   /user/login               --> akash-project-go/controllers.UserLoginRequest (5 handlers)
[GIN-debug] POST   /user/booking             --> akash-project-go/controllers.UserBookingBus (6 handlers)
[GIN-debug] [WARNING] You trusted all proxies, this is NOT safe. We recommend you to set a value.
Please check https://pkg.go.dev/github.com/gin-gonic/gin#readme-don-t-trust-all-proxies for details.
[GIN-debug] Listening and serving HTTP on :0507
{
  "file": "D:/go_task/bus_booking/controllers/booking_user_controller.go:51",
  "func": "akash-project-go/controllers.UserBookingBus",
  "level": "error",
  "msg": "Booking Failed: sql: converting argument $5 type: unsupported type models.DateString, a struct",
  "time": "2024-10-19 20:01:29"
}
[GIN] 2024/10/19 - 20:01:29 | 500 |      6.2292ms |             ::1 | POST     "/user/booking"
{
  "file": "D:/go_task/bus_booking/utils/loggers_utils.go:40",
  "func": "akash-project-go/utils.InitializeLogger",
  "level": "debug",
  "msg": "logFileName: 2024-10-19.log",
  "time": "2024-10-19 20:05:43"
}
[GIN-debug] [WARNING] Creating an Engine instance with the Logger and Recovery middleware already attached.

[GIN-debug] [WARNING] Running in "debug" mode. Switch to "release" mode in production.
 - using env:	export GIN_MODE=release
 - using code:	gin.SetMode(gin.ReleaseMode)

[GIN-debug] POST   /user/registration        --> akash-project-go/controllers.UserRegistration (5 handlers)
[GIN-debug] POST   /user/login               --> akash-project-go/controllers.UserLoginRequest (5 handlers)
[GIN-debug] POST   /user/booking             --> akash-project-go/controllers.UserBookingBus (6 handlers)
[GIN-debug] [WARNING] You trusted all proxies, this is NOT safe. We recommend you to set a value.
Please check https://pkg.go.dev/github.com/gin-gonic/gin#readme-don-t-trust-all-proxies for details.
[GIN-debug] Listening and serving HTTP on :0507
{
  "file": "D:/go_task/bus_booking/controllers/booking_user_controller.go:58",
  "func": "akash-project-go/controllers.UserBookingBus",
  "level": "error",
  "msg": "Failed to send booking email to user: dial tcp: lookup smtp.example.com: no such host",
  "time": "2024-10-19 20:05:48"
}
{
  "file": "D:/go_task/bus_booking/controllers/booking_user_controller.go:66",
  "func": "akash-project-go/controllers.UserBookingBus",
  "level": "error",
  "msg": "Failed to send booking email to admin: dial tcp: lookup smtp.example.com: no such host",
  "time": "2024-10-19 20:05:48"
}
[GIN] 2024/10/19 - 20:05:48 | 200 |    279.3449ms |             ::1 | POST     "/user/booking"
{
  "file": "D:/go_task/bus_booking/utils/loggers_utils.go:40",
  "func": "akash-project-go/utils.InitializeLogger",
  "level": "debug",
  "msg": "logFileName: 2024-10-19.log",
  "time": "2024-10-19 20:14:16"
}
[GIN-debug] [WARNING] Creating an Engine instance with the Logger and Recovery middleware already attached.

[GIN-debug] [WARNING] Running in "debug" mode. Switch to "release" mode in production.
 - using env:	export GIN_MODE=release
 - using code:	gin.SetMode(gin.ReleaseMode)

[GIN-debug] POST   /user/registration        --> akash-project-go/controllers.UserRegistration (5 handlers)
[GIN-debug] POST   /user/login               --> akash-project-go/controllers.UserLoginRequest (5 handlers)
[GIN-debug] POST   /user/booking             --> akash-project-go/controllers.UserBookingBus (6 handlers)
[GIN-debug] [WARNING] You trusted all proxies, this is NOT safe. We recommend you to set a value.
Please check https://pkg.go.dev/github.com/gin-gonic/gin#readme-don-t-trust-all-proxies for details.
[GIN-debug] Listening and serving HTTP on :0507
{
  "file": "D:/go_task/bus_booking/controllers/booking_user_controller.go:58",
  "func": "akash-project-go/controllers.UserBookingBus",
  "level": "error",
  "msg": "Failed to send booking email to user: 535 5.7.8 Username and Password not accepted. For more information, go to\n5.7.8  https://support.google.com/mail/?p=BadCredentials 41be03b00d2f7-7eacc29c0d7sm2974448a12.87 - gsmtp",
  "time": "2024-10-19 20:14:31"
}
{
  "file": "D:/go_task/bus_booking/controllers/booking_user_controller.go:66",
  "func": "akash-project-go/controllers.UserBookingBus",
  "level": "error",
  "msg": "Failed to send booking email to admin: 535 5.7.8 Username and Password not accepted. For more information, go to\n5.7.8  https://support.google.com/mail/?p=BadCredentials d9443c01a7336-20e5a747a2fsm28700955ad.86 - gsmtp",
  "time": "2024-10-19 20:14:34"
}
[GIN] 2024/10/19 - 20:14:34 | 200 |     4.721407s |             ::1 | POST     "/user/booking"
{
  "file": "D:/go_task/bus_booking/utils/loggers_utils.go:40",
  "func": "akash-project-go/utils.InitializeLogger",
  "level": "debug",
  "msg": "logFileName: 2024-10-19.log",
  "time": "2024-10-19 20:15:43"
}
[GIN-debug] [WARNING] Creating an Engine instance with the Logger and Recovery middleware already attached.

[GIN-debug] [WARNING] Running in "debug" mode. Switch to "release" mode in production.
 - using env:	export GIN_MODE=release
 - using code:	gin.SetMode(gin.ReleaseMode)

[GIN-debug] POST   /user/registration        --> akash-project-go/controllers.UserRegistration (5 handlers)
[GIN-debug] POST   /user/login               --> akash-project-go/controllers.UserLoginRequest (5 handlers)
[GIN-debug] POST   /user/booking             --> akash-project-go/controllers.UserBookingBus (6 handlers)
[GIN-debug] [WARNING] You trusted all proxies, this is NOT safe. We recommend you to set a value.
Please check https://pkg.go.dev/github.com/gin-gonic/gin#readme-don-t-trust-all-proxies for details.
[GIN-debug] Listening and serving HTTP on :0507
{
  "file": "D:/go_task/bus_booking/controllers/booking_user_controller.go:58",
  "func": "akash-project-go/controllers.UserBookingBus",
  "level": "error",
  "msg": "Failed to send booking email to user: 535 5.7.8 Username and Password not accepted. For more information, go to\n5.7.8  https://support.google.com/mail/?p=BadCredentials d9443c01a7336-20e5a8d6c9dsm28689855ad.147 - gsmtp",
  "time": "2024-10-19 20:15:54"
}
{
  "file": "D:/go_task/bus_booking/controllers/booking_user_controller.go:66",
  "func": "akash-project-go/controllers.UserBookingBus",
  "level": "error",
  "msg": "Failed to send booking email to admin: 535 5.7.8 Username and Password not accepted. For more information, go to\n5.7.8  https://support.google.com/mail/?p=BadCredentials d9443c01a7336-20e5a8fc218sm28625415ad.210 - gsmtp",
  "time": "2024-10-19 20:15:56"
}
[GIN] 2024/10/19 - 20:15:56 | 200 |    4.4531764s |             ::1 | POST     "/user/booking"
{
  "file": "D:/go_task/bus_booking/utils/loggers_utils.go:40",
  "func": "akash-project-go/utils.InitializeLogger",
  "level": "debug",
  "msg": "logFileName: 2024-10-19.log",
  "time": "2024-10-19 20:18:20"
}
[GIN-debug] [WARNING] Creating an Engine instance with the Logger and Recovery middleware already attached.

[GIN-debug] [WARNING] Running in "debug" mode. Switch to "release" mode in production.
 - using env:	export GIN_MODE=release
 - using code:	gin.SetMode(gin.ReleaseMode)

[GIN-debug] POST   /user/registration        --> akash-project-go/controllers.UserRegistration (5 handlers)
[GIN-debug] POST   /user/login               --> akash-project-go/controllers.UserLoginRequest (5 handlers)
[GIN-debug] POST   /user/booking             --> akash-project-go/controllers.UserBookingBus (6 handlers)
[GIN-debug] [WARNING] You trusted all proxies, this is NOT safe. We recommend you to set a value.
Please check https://pkg.go.dev/github.com/gin-gonic/gin#readme-don-t-trust-all-proxies for details.
[GIN-debug] Listening and serving HTTP on :0507
{
  "file": "D:/go_task/bus_booking/controllers/booking_user_controller.go:51",
  "func": "akash-project-go/controllers.UserBookingBus",
  "level": "error",
  "msg": "Booking Failed: Error 1054 (42S22): Unknown column 'bookingid' in 'field list'",
  "time": "2024-10-19 20:18:55"
}
[GIN] 2024/10/19 - 20:18:55 | 500 |       9.541ms |             ::1 | POST     "/user/booking"
{
  "file": "D:/go_task/bus_booking/utils/loggers_utils.go:40",
  "func": "akash-project-go/utils.InitializeLogger",
  "level": "debug",
  "msg": "logFileName: 2024-10-19.log",
  "time": "2024-10-19 20:19:33"
}
[GIN-debug] [WARNING] Creating an Engine instance with the Logger and Recovery middleware already attached.

[GIN-debug] [WARNING] Running in "debug" mode. Switch to "release" mode in production.
 - using env:	export GIN_MODE=release
 - using code:	gin.SetMode(gin.ReleaseMode)

[GIN-debug] POST   /user/registration        --> akash-project-go/controllers.UserRegistration (5 handlers)
[GIN-debug] POST   /user/login               --> akash-project-go/controllers.UserLoginRequest (5 handlers)
[GIN-debug] POST   /user/booking             --> akash-project-go/controllers.UserBookingBus (6 handlers)
[GIN-debug] [WARNING] You trusted all proxies, this is NOT safe. We recommend you to set a value.
Please check https://pkg.go.dev/github.com/gin-gonic/gin#readme-don-t-trust-all-proxies for details.
[GIN-debug] Listening and serving HTTP on :0507
{
  "file": "D:/go_task/bus_booking/controllers/booking_user_controller.go:58",
  "func": "akash-project-go/controllers.UserBookingBus",
  "level": "error",
  "msg": "Failed to send booking email to user: 535 5.7.8 Username and Password not accepted. For more information, go to\n5.7.8  https://support.google.com/mail/?p=BadCredentials d2e1a72fcca58-71ea345e67dsm3173703b3a.180 - gsmtp",
  "time": "2024-10-19 20:19:45"
}
{
  "file": "D:/go_task/bus_booking/controllers/booking_user_controller.go:66",
  "func": "akash-project-go/controllers.UserBookingBus",
  "level": "error",
  "msg": "Failed to send booking email to admin: 535 5.7.8 Username and Password not accepted. For more information, go to\n5.7.8  https://support.google.com/mail/?p=BadCredentials d2e1a72fcca58-71ea345677asm3275991b3a.147 - gsmtp",
  "time": "2024-10-19 20:19:47"
}
[GIN] 2024/10/19 - 20:19:47 | 200 |    4.5702829s |             ::1 | POST     "/user/booking"
{
  "file": "D:/go_task/bus_booking/utils/loggers_utils.go:40",
  "func": "akash-project-go/utils.InitializeLogger",
  "level": "debug",
  "msg": "logFileName: 2024-10-19.log",
  "time": "2024-10-19 20:20:36"
}
[GIN-debug] [WARNING] Creating an Engine instance with the Logger and Recovery middleware already attached.

[GIN-debug] [WARNING] Running in "debug" mode. Switch to "release" mode in production.
 - using env:	export GIN_MODE=release
 - using code:	gin.SetMode(gin.ReleaseMode)

[GIN-debug] POST   /user/registration        --> akash-project-go/controllers.UserRegistration (5 handlers)
[GIN-debug] POST   /user/login               --> akash-project-go/controllers.UserLoginRequest (5 handlers)
[GIN-debug] POST   /user/booking             --> akash-project-go/controllers.UserBookingBus (6 handlers)
[GIN-debug] [WARNING] You trusted all proxies, this is NOT safe. We recommend you to set a value.
Please check https://pkg.go.dev/github.com/gin-gonic/gin#readme-don-t-trust-all-proxies for details.
[GIN-debug] Listening and serving HTTP on :0507
{
  "file": "D:/go_task/bus_booking/utils/loggers_utils.go:40",
  "func": "akash-project-go/utils.InitializeLogger",
  "level": "debug",
  "msg": "logFileName: 2024-10-19.log",
  "time": "2024-10-19 20:21:33"
}
[GIN-debug] [WARNING] Creating an Engine instance with the Logger and Recovery middleware already attached.

[GIN-debug] [WARNING] Running in "debug" mode. Switch to "release" mode in production.
 - using env:	export GIN_MODE=release
 - using code:	gin.SetMode(gin.ReleaseMode)

[GIN-debug] POST   /user/registration        --> akash-project-go/controllers.UserRegistration (5 handlers)
[GIN-debug] POST   /user/login               --> akash-project-go/controllers.UserLoginRequest (5 handlers)
[GIN-debug] POST   /user/booking             --> akash-project-go/controllers.UserBookingBus (6 handlers)
[GIN-debug] [WARNING] You trusted all proxies, this is NOT safe. We recommend you to set a value.
Please check https://pkg.go.dev/github.com/gin-gonic/gin#readme-don-t-trust-all-proxies for details.
[GIN-debug] Listening and serving HTTP on :0507
{
  "file": "D:/go_task/bus_booking/controllers/booking_user_controller.go:58",
  "func": "akash-project-go/controllers.UserBookingBus",
  "level": "error",
  "msg": "Failed to send booking email to user: 535 5.7.8 Username and Password not accepted. For more information, go to\n5.7.8  https://support.google.com/mail/?p=BadCredentials d9443c01a7336-20e5a71ec43sm28764455ad.6 - gsmtp",
  "time": "2024-10-19 20:21:41"
}
{
  "file": "D:/go_task/bus_booking/controllers/booking_user_controller.go:66",
  "func": "akash-project-go/controllers.UserBookingBus",
  "level": "error",
  "msg": "Failed to send booking email to admin: 535 5.7.8 Username and Password not accepted. For more information, go to\n5.7.8  https://support.google.com/mail/?p=BadCredentials d9443c01a7336-20e5a914741sm28651535ad.275 - gsmtp",
  "time": "2024-10-19 20:21:43"
}
[GIN] 2024/10/19 - 20:21:43 | 200 |    4.5595361s |             ::1 | POST     "/user/booking"
{
  "file": "D:/go_task/bus_booking/utils/loggers_utils.go:40",
  "func": "akash-project-go/utils.InitializeLogger",
  "level": "debug",
  "msg": "logFileName: 2024-10-19.log",
  "time": "2024-10-19 20:23:24"
}
[GIN-debug] [WARNING] Creating an Engine instance with the Logger and Recovery middleware already attached.

[GIN-debug] [WARNING] Running in "debug" mode. Switch to "release" mode in production.
 - using env:	export GIN_MODE=release
 - using code:	gin.SetMode(gin.ReleaseMode)

[GIN-debug] POST   /user/registration        --> akash-project-go/controllers.UserRegistration (5 handlers)
[GIN-debug] POST   /user/login               --> akash-project-go/controllers.UserLoginRequest (5 handlers)
[GIN-debug] POST   /user/booking             --> akash-project-go/controllers.UserBookingBus (6 handlers)
[GIN-debug] [WARNING] You trusted all proxies, this is NOT safe. We recommend you to set a value.
Please check https://pkg.go.dev/github.com/gin-gonic/gin#readme-don-t-trust-all-proxies for details.
[GIN-debug] Listening and serving HTTP on :0507
{
  "file": "D:/go_task/bus_booking/controllers/booking_user_controller.go:58",
  "func": "akash-project-go/controllers.UserBookingBus",
  "level": "error",
  "msg": "Failed to send booking email to user: 535 5.7.8 Username and Password not accepted. For more information, go to\n5.7.8  https://support.google.com/mail/?p=BadCredentials d9443c01a7336-20e5a8d7e7csm28722045ad.121 - gsmtp",
  "time": "2024-10-19 20:23:49"
}
{
  "file": "D:/go_task/bus_booking/controllers/booking_user_controller.go:66",
  "func": "akash-project-go/controllers.UserBookingBus",
  "level": "error",
  "msg": "Failed to send booking email to admin: 535 5.7.8 Username and Password not accepted. For more information, go to\n5.7.8  https://support.google.com/mail/?p=BadCredentials 98e67ed59e1d1-2e55d363fe9sm2465277a91.0 - gsmtp",
  "time": "2024-10-19 20:23:52"
}
[GIN] 2024/10/19 - 20:23:52 | 200 |    5.4549284s |             ::1 | POST     "/user/booking"
{
  "file": "D:/go_task/bus_booking/utils/loggers_utils.go:40",
  "func": "akash-project-go/utils.InitializeLogger",
  "level": "debug",
  "msg": "logFileName: 2024-10-19.log",
  "time": "2024-10-19 20:34:21"
}
[GIN-debug] [WARNING] Creating an Engine instance with the Logger and Recovery middleware already attached.

[GIN-debug] [WARNING] Running in "debug" mode. Switch to "release" mode in production.
 - using env:	export GIN_MODE=release
 - using code:	gin.SetMode(gin.ReleaseMode)

[GIN-debug] POST   /user/registration        --> akash-project-go/controllers.UserRegistration (5 handlers)
[GIN-debug] POST   /user/login               --> akash-project-go/controllers.UserLoginRequest (5 handlers)
[GIN-debug] POST   /user/booking             --> akash-project-go/controllers.UserBookingBus (6 handlers)
[GIN-debug] [WARNING] You trusted all proxies, this is NOT safe. We recommend you to set a value.
Please check https://pkg.go.dev/github.com/gin-gonic/gin#readme-don-t-trust-all-proxies for details.
[GIN-debug] Listening and serving HTTP on :0507
{
  "file": "D:/go_task/bus_booking/controllers/booking_user_controller.go:58",
  "func": "akash-project-go/controllers.UserBookingBus",
  "level": "error",
  "msg": "Failed to send booking email to user: 535 5.7.8 Username and Password not accepted. For more information, go to\n5.7.8  https://support.google.com/mail/?p=BadCredentials d9443c01a7336-20e5a746ef7sm28751145ad.65 - gsmtp",
  "time": "2024-10-19 20:34:34"
}
{
  "file": "D:/go_task/bus_booking/controllers/booking_user_controller.go:66",
  "func": "akash-project-go/controllers.UserBookingBus",
  "level": "error",
  "msg": "Failed to send booking email to admin: 535 5.7.8 Username and Password not accepted. For more information, go to\n5.7.8  https://support.google.com/mail/?p=BadCredentials d9443c01a7336-20e5a8d64c0sm28887135ad.140 - gsmtp",
  "time": "2024-10-19 20:34:36"
}
[GIN] 2024/10/19 - 20:34:36 | 200 |    4.4705375s |             ::1 | POST     "/user/booking"
{
  "file": "D:/go_task/bus_booking/controllers/booking_user_controller.go:58",
  "func": "akash-project-go/controllers.UserBookingBus",
  "level": "error",
  "msg": "Failed to send booking email to user: 535 5.7.8 Username and Password not accepted. For more information, go to\n5.7.8  https://support.google.com/mail/?p=BadCredentials d9443c01a7336-20e5a925ed3sm28844845ad.299 - gsmtp",
  "time": "2024-10-19 20:35:17"
}
{
  "file": "D:/go_task/bus_booking/controllers/booking_user_controller.go:66",
  "func": "akash-project-go/controllers.UserBookingBus",
  "level": "error",
  "msg": "Failed to send booking email to admin: 535 5.7.8 Username and Password not accepted. For more information, go to\n5.7.8  https://support.google.com/mail/?p=BadCredentials d2e1a72fcca58-71ea345acfesm3181912b3a.152 - gsmtp",
  "time": "2024-10-19 20:35:19"
}
[GIN] 2024/10/19 - 20:35:19 | 200 |    4.9915762s |             ::1 | POST     "/user/booking"
{
  "file": "D:/go_task/bus_booking/controllers/booking_user_controller.go:22",
  "func": "akash-project-go/controllers.UserBookingBus",
  "level": "error",
  "msg": "Failed to bind request body: invalid character '}' looking for beginning of object key string",
  "time": "2024-10-19 20:35:34"
}
[GIN] 2024/10/19 - 20:35:34 | 400 |      4.0425ms |             ::1 | POST     "/user/booking"
{
  "file": "D:/go_task/bus_booking/utils/loggers_utils.go:40",
  "func": "akash-project-go/utils.InitializeLogger",
  "level": "debug",
  "msg": "logFileName: 2024-10-19.log",
  "time": "2024-10-19 20:40:15"
}
[GIN-debug] [WARNING] Creating an Engine instance with the Logger and Recovery middleware already attached.

[GIN-debug] [WARNING] Running in "debug" mode. Switch to "release" mode in production.
 - using env:	export GIN_MODE=release
 - using code:	gin.SetMode(gin.ReleaseMode)

[GIN-debug] POST   /user/registration        --> akash-project-go/controllers.UserRegistration (5 handlers)
[GIN-debug] POST   /user/login               --> akash-project-go/controllers.UserLoginRequest (5 handlers)
[GIN-debug] POST   /user/booking             --> akash-project-go/controllers.UserBookingBus (6 handlers)
[GIN-debug] [WARNING] You trusted all proxies, this is NOT safe. We recommend you to set a value.
Please check https://pkg.go.dev/github.com/gin-gonic/gin#readme-don-t-trust-all-proxies for details.
[GIN-debug] Listening and serving HTTP on :0507
{
  "file": "D:/go_task/bus_booking/controllers/booking_user_controller.go:60",
  "func": "akash-project-go/controllers.UserBookingBus",
  "level": "error",
  "msg": "Failed to send booking email to user: 535 5.7.8 Username and Password not accepted. For more information, go to\n5.7.8  https://support.google.com/mail/?p=BadCredentials d9443c01a7336-20e5a74787csm28926755ad.90 - gsmtp",
  "time": "2024-10-19 20:40:29"
}
{
  "file": "D:/go_task/bus_booking/controllers/booking_user_controller.go:68",
  "func": "akash-project-go/controllers.UserBookingBus",
  "level": "error",
  "msg": "Failed to send booking email to admin: 535 5.7.8 Username and Password not accepted. For more information, go to\n5.7.8  https://support.google.com/mail/?p=BadCredentials d2e1a72fcca58-71ea34096acsm3198456b3a.131 - gsmtp",
  "time": "2024-10-19 20:40:31"
}
[GIN] 2024/10/19 - 20:40:31 | 200 |    4.7061058s |             ::1 | POST     "/user/booking"
{
  "file": "D:/go_task/bus_booking/utils/loggers_utils.go:40",
  "func": "akash-project-go/utils.InitializeLogger",
  "level": "debug",
  "msg": "logFileName: 2024-10-19.log",
  "time": "2024-10-19 20:44:07"
}
[GIN-debug] [WARNING] Creating an Engine instance with the Logger and Recovery middleware already attached.

[GIN-debug] [WARNING] Running in "debug" mode. Switch to "release" mode in production.
 - using env:	export GIN_MODE=release
 - using code:	gin.SetMode(gin.ReleaseMode)

[GIN-debug] POST   /user/registration        --> akash-project-go/controllers.UserRegistration (5 handlers)
[GIN-debug] POST   /user/login               --> akash-project-go/controllers.UserLoginRequest (5 handlers)
[GIN-debug] POST   /user/booking             --> akash-project-go/controllers.UserBookingBus (6 handlers)
[GIN-debug] [WARNING] You trusted all proxies, this is NOT safe. We recommend you to set a value.
Please check https://pkg.go.dev/github.com/gin-gonic/gin#readme-don-t-trust-all-proxies for details.
[GIN-debug] Listening and serving HTTP on :0507
{
  "file": "D:/go_task/bus_booking/controllers/booking_user_controller.go:59",
  "func": "akash-project-go/controllers.UserBookingBus",
  "level": "error",
  "msg": "Failed to send booking email to user: 535 5.7.8 Username and Password not accepted. For more information, go to\n5.7.8  https://support.google.com/mail/?p=BadCredentials d2e1a72fcca58-71ea3311c38sm3201831b3a.9 - gsmtp",
  "time": "2024-10-19 20:44:27"
}
{
  "file": "D:/go_task/bus_booking/controllers/booking_user_controller.go:64",
  "func": "akash-project-go/controllers.UserBookingBus",
  "level": "error",
  "msg": "Failed to send booking email to admin: 535 5.7.8 Username and Password not accepted. For more information, go to\n5.7.8  https://support.google.com/mail/?p=BadCredentials d2e1a72fcca58-71ea3f97a60sm3122178b3a.48 - gsmtp",
  "time": "2024-10-19 20:44:29"
}
[GIN] 2024/10/19 - 20:44:29 | 200 |    4.5146656s |             ::1 | POST     "/user/booking"
{
  "file": "D:/go_task/bus_booking/utils/loggers_utils.go:40",
  "func": "akash-project-go/utils.InitializeLogger",
  "level": "debug",
  "msg": "logFileName: 2024-10-19.log",
  "time": "2024-10-19 20:52:52"
}
[GIN-debug] [WARNING] Creating an Engine instance with the Logger and Recovery middleware already attached.

[GIN-debug] [WARNING] Running in "debug" mode. Switch to "release" mode in production.
 - using env:	export GIN_MODE=release
 - using code:	gin.SetMode(gin.ReleaseMode)

[GIN-debug] POST   /user/registration        --> akash-project-go/controllers.UserRegistration (5 handlers)
[GIN-debug] POST   /user/login               --> akash-project-go/controllers.UserLoginRequest (5 handlers)
[GIN-debug] POST   /user/booking             --> akash-project-go/controllers.UserBookingBus (6 handlers)
[GIN-debug] [WARNING] You trusted all proxies, this is NOT safe. We recommend you to set a value.
Please check https://pkg.go.dev/github.com/gin-gonic/gin#readme-don-t-trust-all-proxies for details.
[GIN-debug] Listening and serving HTTP on :0507
{
  "file": "D:/go_task/bus_booking/controllers/booking_user_controller.go:50",
  "func": "akash-project-go/controllers.UserBookingBus",
  "level": "error",
  "msg": "Booking Failed: Error 1146 (42S02): Table 'shree_booking_ltd.booking_buse' doesn't exist",
  "time": "2024-10-19 20:53:04"
}
[GIN] 2024/10/19 - 20:53:04 | 500 |     14.5871ms |             ::1 | POST     "/user/booking"
{
  "file": "D:/go_task/bus_booking/utils/loggers_utils.go:40",
  "func": "akash-project-go/utils.InitializeLogger",
  "level": "debug",
  "msg": "logFileName: 2024-10-19.log",
  "time": "2024-10-19 20:53:49"
}
[GIN-debug] [WARNING] Creating an Engine instance with the Logger and Recovery middleware already attached.

[GIN-debug] [WARNING] Running in "debug" mode. Switch to "release" mode in production.
 - using env:	export GIN_MODE=release
 - using code:	gin.SetMode(gin.ReleaseMode)

[GIN-debug] POST   /user/registration        --> akash-project-go/controllers.UserRegistration (5 handlers)
[GIN-debug] POST   /user/login               --> akash-project-go/controllers.UserLoginRequest (5 handlers)
[GIN-debug] POST   /user/booking             --> akash-project-go/controllers.UserBookingBus (6 handlers)
[GIN-debug] [WARNING] You trusted all proxies, this is NOT safe. We recommend you to set a value.
Please check https://pkg.go.dev/github.com/gin-gonic/gin#readme-don-t-trust-all-proxies for details.
[GIN-debug] Listening and serving HTTP on :0507
{
  "file": "D:/go_task/bus_booking/controllers/booking_user_controller.go:59",
  "func": "akash-project-go/controllers.UserBookingBus",
  "level": "error",
  "msg": "Failed to send booking email to user: 535 5.7.8 Username and Password not accepted. For more information, go to\n5.7.8  https://support.google.com/mail/?p=BadCredentials d2e1a72fcca58-71ea34aeb19sm3203694b3a.202 - gsmtp",
  "time": "2024-10-19 20:54:01"
}
{
  "file": "D:/go_task/bus_booking/controllers/booking_user_controller.go:64",
  "func": "akash-project-go/controllers.UserBookingBus",
  "level": "error",
  "msg": "Failed to send booking email to admin: 535 5.7.8 Username and Password not accepted. For more information, go to\n5.7.8  https://support.google.com/mail/?p=BadCredentials 41be03b00d2f7-7eacc29ae0dsm2637218a12.81 - gsmtp",
  "time": "2024-10-19 20:54:03"
}
[GIN] 2024/10/19 - 20:54:03 | 200 |    4.6546451s |             ::1 | POST     "/user/booking"
{
  "file": "D:/go_task/bus_booking/utils/loggers_utils.go:40",
  "func": "akash-project-go/utils.InitializeLogger",
  "level": "debug",
  "msg": "logFileName: 2024-10-19.log",
  "time": "2024-10-19 21:21:36"
}
[GIN-debug] [WARNING] Creating an Engine instance with the Logger and Recovery middleware already attached.

[GIN-debug] [WARNING] Running in "debug" mode. Switch to "release" mode in production.
 - using env:	export GIN_MODE=release
 - using code:	gin.SetMode(gin.ReleaseMode)

[GIN-debug] POST   /user/registration        --> akash-project-go/controllers.UserRegistration (5 handlers)
[GIN-debug] POST   /user/login               --> akash-project-go/controllers.UserLoginRequest (5 handlers)
[GIN-debug] POST   /user/booking             --> akash-project-go/controllers.UserBookingBus (6 handlers)
[GIN-debug] [WARNING] You trusted all proxies, this is NOT safe. We recommend you to set a value.
Please check https://pkg.go.dev/github.com/gin-gonic/gin#readme-don-t-trust-all-proxies for details.
[GIN-debug] Listening and serving HTTP on :0507
[GIN] 2024/10/19 - 21:21:51 | 200 |    8.1189119s |             ::1 | POST     "/user/booking"
{
  "file": "D:/go_task/bus_booking/utils/loggers_utils.go:40",
  "func": "akash-project-go/utils.InitializeLogger",
  "level": "debug",
  "msg": "logFileName: 2024-10-19.log",
  "time": "2024-10-19 21:33:29"
}
[GIN-debug] [WARNING] Creating an Engine instance with the Logger and Recovery middleware already attached.

[GIN-debug] [WARNING] Running in "debug" mode. Switch to "release" mode in production.
 - using env:	export GIN_MODE=release
 - using code:	gin.SetMode(gin.ReleaseMode)

[GIN-debug] POST   /user/registration        --> akash-project-go/controllers.UserRegistration (5 handlers)
[GIN-debug] POST   /user/login               --> akash-project-go/controllers.UserLoginRequest (5 handlers)
[GIN-debug] POST   /user/booking             --> akash-project-go/controllers.UserBookingBus (6 handlers)
[GIN-debug] [WARNING] You trusted all proxies, this is NOT safe. We recommend you to set a value.
Please check https://pkg.go.dev/github.com/gin-gonic/gin#readme-don-t-trust-all-proxies for details.
[GIN-debug] Listening and serving HTTP on :0507
{
  "file": "D:/go_task/bus_booking/controllers/booking_user_controller.go:38",
  "func": "akash-project-go/controllers.UserBookingBus",
  "level": "error",
  "msg": "User not found: record not found",
  "time": "2024-10-19 21:34:00"
}
[GIN] 2024/10/19 - 21:34:00 | 500 |     37.2246ms |             ::1 | POST     "/user/booking"
[GIN] 2024/10/19 - 21:34:46 | 200 |    110.7375ms |             ::1 | POST     "/user/login"
[GIN] 2024/10/19 - 21:35:08 | 200 |    8.2206703s |             ::1 | POST     "/user/booking"
{
  "file": "D:/go_task/bus_booking/utils/loggers_utils.go:40",
  "func": "akash-project-go/utils.InitializeLogger",
  "level": "debug",
  "msg": "logFileName: 2024-10-19.log",
  "time": "2024-10-19 21:41:27"
}
[GIN-debug] [WARNING] Creating an Engine instance with the Logger and Recovery middleware already attached.

[GIN-debug] [WARNING] Running in "debug" mode. Switch to "release" mode in production.
 - using env:	export GIN_MODE=release
 - using code:	gin.SetMode(gin.ReleaseMode)

[GIN-debug] POST   /user/registration        --> akash-project-go/controllers.UserRegistration (5 handlers)
[GIN-debug] POST   /user/login               --> akash-project-go/controllers.UserLoginRequest (5 handlers)
[GIN-debug] POST   /user/booking             --> akash-project-go/controllers.UserBookingBus (6 handlers)
[GIN-debug] [WARNING] You trusted all proxies, this is NOT safe. We recommend you to set a value.
Please check https://pkg.go.dev/github.com/gin-gonic/gin#readme-don-t-trust-all-proxies for details.
[GIN-debug] Listening and serving HTTP on :0507
{
  "file": "D:/go_task/bus_booking/controllers/booking_user_controller.go:59",
  "func": "akash-project-go/controllers.UserBookingBus",
  "level": "error",
  "msg": "Failed to send booking email to user: 535 5.7.8 Username and Password not accepted. For more information, go to\n5.7.8  https://support.google.com/mail/?p=BadCredentials 41be03b00d2f7-7eacc20c43csm3068379a12.17 - gsmtp",
  "time": "2024-10-19 21:42:44"
}
{
  "file": "D:/go_task/bus_booking/controllers/booking_user_controller.go:64",
  "func": "akash-project-go/controllers.UserBookingBus",
  "level": "error",
  "msg": "Failed to send booking email to admin: 535 5.7.8 Username and Password not accepted. For more information, go to\n5.7.8  https://support.google.com/mail/?p=BadCredentials d2e1a72fcca58-71ea34097e5sm3241930b3a.137 - gsmtp",
  "time": "2024-10-19 21:42:46"
}
[GIN] 2024/10/19 - 21:42:46 | 200 |    4.7775112s |             ::1 | POST     "/user/booking"
{
  "file": "D:/go_task/bus_booking/utils/loggers_utils.go:40",
  "func": "akash-project-go/utils.InitializeLogger",
  "level": "debug",
  "msg": "logFileName: 2024-10-19.log",
  "time": "2024-10-19 21:45:38"
}
[GIN-debug] [WARNING] Creating an Engine instance with the Logger and Recovery middleware already attached.

[GIN-debug] [WARNING] Running in "debug" mode. Switch to "release" mode in production.
 - using env:	export GIN_MODE=release
 - using code:	gin.SetMode(gin.ReleaseMode)

[GIN-debug] POST   /user/registration        --> akash-project-go/controllers.UserRegistration (5 handlers)
[GIN-debug] POST   /user/login               --> akash-project-go/controllers.UserLoginRequest (5 handlers)
[GIN-debug] POST   /user/booking             --> akash-project-go/controllers.UserBookingBus (6 handlers)
[GIN-debug] [WARNING] You trusted all proxies, this is NOT safe. We recommend you to set a value.
Please check https://pkg.go.dev/github.com/gin-gonic/gin#readme-don-t-trust-all-proxies for details.
[GIN-debug] Listening and serving HTTP on :0507
[GIN] 2024/10/19 - 21:45:50 | 200 |     8.344948s |             ::1 | POST     "/user/booking"
{
  "file": "D:/go_task/bus_booking/utils/loggers_utils.go:40",
  "func": "akash-project-go/utils.InitializeLogger",
  "level": "debug",
  "msg": "logFileName: 2024-10-19.log",
  "time": "2024-10-19 23:36:17"
}
[GIN-debug] [WARNING] Creating an Engine instance with the Logger and Recovery middleware already attached.

[GIN-debug] [WARNING] Running in "debug" mode. Switch to "release" mode in production.
 - using env:	export GIN_MODE=release
 - using code:	gin.SetMode(gin.ReleaseMode)

[GIN-debug] POST   /user/registration        --> akash-project-go/controllers.UserRegistration (5 handlers)
[GIN-debug] POST   /user/login               --> akash-project-go/controllers.UserLoginRequest (5 handlers)
[GIN-debug] POST   /user/booking             --> akash-project-go/controllers.UserBookingBus (6 handlers)
[GIN-debug] [WARNING] You trusted all proxies, this is NOT safe. We recommend you to set a value.
Please check https://pkg.go.dev/github.com/gin-gonic/gin#readme-don-t-trust-all-proxies for details.
[GIN-debug] Listening and serving HTTP on :0507
{
  "file": "D:/go_task/bus_booking/controllers/booking_user_controller.go:52",
  "func": "akash-project-go/controllers.UserBookingBus",
  "level": "error",
  "msg": "Failed to send booking email to user: 535 5.7.8 Username and Password not accepted. For more information, go to\n5.7.8  https://support.google.com/mail/?p=BadCredentials d9443c01a7336-20e7f0bd2d9sm239965ad.142 - gsmtp",
  "time": "2024-10-19 23:36:34"
}
{
  "file": "D:/go_task/bus_booking/controllers/booking_user_controller.go:57",
  "func": "akash-project-go/controllers.UserBookingBus",
  "level": "error",
  "msg": "Failed to send booking email to admin: 535 5.7.8 Username and Password not accepted. For more information, go to\n5.7.8  https://support.google.com/mail/?p=BadCredentials 98e67ed59e1d1-2e5ad4ed73fsm43856a91.44 - gsmtp",
  "time": "2024-10-19 23:36:36"
}
[GIN] 2024/10/19 - 23:36:36 | 200 |    4.7949418s |             ::1 | POST     "/user/booking"
